{"C:\\Users\\Kuma\\Documents\\IMAScontrol\\expense-manager-imas-main\\src\\components\\ContractCard.tsx": {"path":"C:\\Users\\Kuma\\Documents\\IMAScontrol\\expense-manager-imas-main\\src\\components\\ContractCard.tsx","statementMap":{"0":{"start":{"line":13,"column":6},"end":{"line":191,"column":null}},"1":{"start":{"line":14,"column":25},"end":{"line":19,"column":null}},"2":{"start":{"line":15,"column":4},"end":{"line":18,"column":null}},"3":{"start":{"line":21,"column":21},"end":{"line":24,"column":null}},"4":{"start":{"line":22,"column":4},"end":{"line":22,"column":null}},"5":{"start":{"line":22,"column":15},"end":{"line":22,"column":null}},"6":{"start":{"line":23,"column":4},"end":{"line":23,"column":null}},"7":{"start":{"line":26,"column":25},"end":{"line":39,"column":null}},"8":{"start":{"line":27,"column":4},"end":{"line":38,"column":null}},"9":{"start":{"line":29,"column":8},"end":{"line":29,"column":null}},"10":{"start":{"line":31,"column":8},"end":{"line":31,"column":null}},"11":{"start":{"line":33,"column":8},"end":{"line":33,"column":null}},"12":{"start":{"line":35,"column":8},"end":{"line":35,"column":null}},"13":{"start":{"line":37,"column":8},"end":{"line":37,"column":null}},"14":{"start":{"line":41,"column":93},"end":{"line":96,"column":null}},"15":{"start":{"line":42,"column":17},"end":{"line":45,"column":null}},"16":{"start":{"line":43,"column":20},"end":{"line":43,"column":null}},"17":{"start":{"line":47,"column":22},"end":{"line":56,"column":null}},"18":{"start":{"line":49,"column":29},"end":{"line":52,"column":null}},"19":{"start":{"line":53,"column":8},"end":{"line":53,"column":null}},"20":{"start":{"line":58,"column":23},"end":{"line":67,"column":null}},"21":{"start":{"line":60,"column":30},"end":{"line":63,"column":null}},"22":{"start":{"line":61,"column":33},"end":{"line":61,"column":null}},"23":{"start":{"line":64,"column":8},"end":{"line":64,"column":null}},"24":{"start":{"line":70,"column":25},"end":{"line":70,"column":null}},"25":{"start":{"line":71,"column":4},"end":{"line":88,"column":null}},"26":{"start":{"line":72,"column":29},"end":{"line":84,"column":null}},"27":{"start":{"line":73,"column":8},"end":{"line":73,"column":null}},"28":{"start":{"line":73,"column":54},"end":{"line":73,"column":null}},"29":{"start":{"line":75,"column":34},"end":{"line":80,"column":null}},"30":{"start":{"line":76,"column":20},"end":{"line":76,"column":null}},"31":{"start":{"line":77,"column":20},"end":{"line":77,"column":null}},"32":{"start":{"line":78,"column":21},"end":{"line":78,"column":null}},"33":{"start":{"line":79,"column":10},"end":{"line":79,"column":null}},"34":{"start":{"line":82,"column":25},"end":{"line":82,"column":null}},"35":{"start":{"line":82,"column":62},"end":{"line":82,"column":71}},"36":{"start":{"line":83,"column":8},"end":{"line":83,"column":null}},"37":{"start":{"line":86,"column":28},"end":{"line":86,"column":null}},"38":{"start":{"line":86,"column":62},"end":{"line":86,"column":71}},"39":{"start":{"line":87,"column":6},"end":{"line":87,"column":null}},"40":{"start":{"line":90,"column":4},"end":{"line":95,"column":null}},"41":{"start":{"line":117,"column":32},"end":{"line":117,"column":null}},"42":{"start":{"line":134,"column":32},"end":{"line":134,"column":null}}},"fnMap":{"0":{"name":"(anonymous_0)","decl":{"start":{"line":13,"column":26},"end":{"line":13,"column":27}},"loc":{"start":{"line":13,"column":67},"end":{"line":191,"column":null}},"line":13},"1":{"name":"(anonymous_1)","decl":{"start":{"line":14,"column":25},"end":{"line":14,"column":26}},"loc":{"start":{"line":14,"column":44},"end":{"line":19,"column":null}},"line":14},"2":{"name":"(anonymous_2)","decl":{"start":{"line":21,"column":21},"end":{"line":21,"column":22}},"loc":{"start":{"line":21,"column":22},"end":{"line":24,"column":null}},"line":21},"3":{"name":"(anonymous_3)","decl":{"start":{"line":26,"column":25},"end":{"line":26,"column":26}},"loc":{"start":{"line":26,"column":26},"end":{"line":39,"column":null}},"line":26},"4":{"name":"(anonymous_4)","decl":{"start":{"line":41,"column":104},"end":{"line":41,"column":null}},"loc":{"start":{"line":41,"column":104},"end":{"line":96,"column":5}},"line":41},"5":{"name":"(anonymous_5)","decl":{"start":{"line":43,"column":6},"end":{"line":43,"column":7}},"loc":{"start":{"line":43,"column":20},"end":{"line":43,"column":null}},"line":43},"6":{"name":"(anonymous_6)","decl":{"start":{"line":48,"column":6},"end":{"line":48,"column":7}},"loc":{"start":{"line":48,"column":12},"end":{"line":54,"column":null}},"line":48},"7":{"name":"(anonymous_7)","decl":{"start":{"line":59,"column":6},"end":{"line":59,"column":7}},"loc":{"start":{"line":59,"column":12},"end":{"line":65,"column":null}},"line":59},"8":{"name":"(anonymous_8)","decl":{"start":{"line":61,"column":10},"end":{"line":61,"column":11}},"loc":{"start":{"line":61,"column":33},"end":{"line":61,"column":null}},"line":61},"9":{"name":"(anonymous_9)","decl":{"start":{"line":72,"column":47},"end":{"line":72,"column":null}},"loc":{"start":{"line":72,"column":47},"end":{"line":84,"column":null}},"line":72},"10":{"name":"(anonymous_10)","decl":{"start":{"line":75,"column":50},"end":{"line":75,"column":null}},"loc":{"start":{"line":75,"column":50},"end":{"line":80,"column":null}},"line":75},"11":{"name":"(anonymous_11)","decl":{"start":{"line":82,"column":50},"end":{"line":82,"column":51}},"loc":{"start":{"line":82,"column":62},"end":{"line":82,"column":71}},"line":82},"12":{"name":"(anonymous_12)","decl":{"start":{"line":86,"column":50},"end":{"line":86,"column":51}},"loc":{"start":{"line":86,"column":62},"end":{"line":86,"column":71}},"line":86},"13":{"name":"(anonymous_13)","decl":{"start":{"line":117,"column":25},"end":{"line":117,"column":26}},"loc":{"start":{"line":117,"column":32},"end":{"line":117,"column":null}},"line":117},"14":{"name":"(anonymous_14)","decl":{"start":{"line":134,"column":25},"end":{"line":134,"column":26}},"loc":{"start":{"line":134,"column":32},"end":{"line":134,"column":null}},"line":134}},"branchMap":{"0":{"loc":{"start":{"line":14,"column":26},"end":{"line":14,"column":44}},"type":"default-arg","locations":[{"start":{"line":14,"column":43},"end":{"line":14,"column":44}}],"line":14},"1":{"loc":{"start":{"line":22,"column":4},"end":{"line":22,"column":null}},"type":"if","locations":[{"start":{"line":22,"column":4},"end":{"line":22,"column":null}},{"start":{},"end":{}}],"line":22},"2":{"loc":{"start":{"line":27,"column":4},"end":{"line":38,"column":null}},"type":"switch","locations":[{"start":{"line":28,"column":6},"end":{"line":29,"column":null}},{"start":{"line":30,"column":6},"end":{"line":31,"column":null}},{"start":{"line":32,"column":6},"end":{"line":33,"column":null}},{"start":{"line":34,"column":6},"end":{"line":35,"column":null}},{"start":{"line":36,"column":6},"end":{"line":37,"column":null}}],"line":27},"3":{"loc":{"start":{"line":42,"column":17},"end":{"line":45,"column":null}},"type":"binary-expr","locations":[{"start":{"line":42,"column":17},"end":{"line":44,"column":null}},{"start":{"line":45,"column":9},"end":{"line":45,"column":null}}],"line":42},"4":{"loc":{"start":{"line":43,"column":27},"end":{"line":43,"column":null}},"type":"binary-expr","locations":[{"start":{"line":43,"column":27},"end":{"line":43,"column":48}},{"start":{"line":43,"column":52},"end":{"line":43,"column":null}}],"line":43},"5":{"loc":{"start":{"line":47,"column":22},"end":{"line":56,"column":null}},"type":"binary-expr","locations":[{"start":{"line":47,"column":22},"end":{"line":55,"column":null}},{"start":{"line":56,"column":9},"end":{"line":56,"column":null}}],"line":47},"6":{"loc":{"start":{"line":49,"column":29},"end":{"line":52,"column":null}},"type":"binary-expr","locations":[{"start":{"line":49,"column":29},"end":{"line":51,"column":null}},{"start":{"line":52,"column":13},"end":{"line":52,"column":39}},{"start":{"line":52,"column":43},"end":{"line":52,"column":null}}],"line":49},"7":{"loc":{"start":{"line":58,"column":23},"end":{"line":67,"column":null}},"type":"binary-expr","locations":[{"start":{"line":58,"column":23},"end":{"line":66,"column":null}},{"start":{"line":67,"column":9},"end":{"line":67,"column":null}}],"line":58},"8":{"loc":{"start":{"line":60,"column":30},"end":{"line":63,"column":null}},"type":"binary-expr","locations":[{"start":{"line":60,"column":30},"end":{"line":62,"column":null}},{"start":{"line":63,"column":13},"end":{"line":63,"column":null}}],"line":60},"9":{"loc":{"start":{"line":61,"column":46},"end":{"line":61,"column":null}},"type":"binary-expr","locations":[{"start":{"line":61,"column":46},"end":{"line":61,"column":72}},{"start":{"line":61,"column":76},"end":{"line":61,"column":null}}],"line":61},"10":{"loc":{"start":{"line":71,"column":4},"end":{"line":88,"column":null}},"type":"if","locations":[{"start":{"line":71,"column":4},"end":{"line":88,"column":null}},{"start":{},"end":{}}],"line":71},"11":{"loc":{"start":{"line":71,"column":8},"end":{"line":71,"column":51}},"type":"binary-expr","locations":[{"start":{"line":71,"column":8},"end":{"line":71,"column":21}},{"start":{"line":71,"column":25},"end":{"line":71,"column":51}}],"line":71},"12":{"loc":{"start":{"line":73,"column":8},"end":{"line":73,"column":null}},"type":"if","locations":[{"start":{"line":73,"column":8},"end":{"line":73,"column":null}},{"start":{},"end":{}}],"line":73},"13":{"loc":{"start":{"line":73,"column":12},"end":{"line":73,"column":54}},"type":"binary-expr","locations":[{"start":{"line":73,"column":12},"end":{"line":73,"column":24}},{"start":{"line":73,"column":28},"end":{"line":73,"column":54}}],"line":73},"14":{"loc":{"start":{"line":76,"column":20},"end":{"line":76,"column":null}},"type":"binary-expr","locations":[{"start":{"line":76,"column":20},"end":{"line":76,"column":45}},{"start":{"line":76,"column":49},"end":{"line":76,"column":null}}],"line":76},"15":{"loc":{"start":{"line":77,"column":20},"end":{"line":77,"column":null}},"type":"binary-expr","locations":[{"start":{"line":77,"column":20},"end":{"line":77,"column":46}},{"start":{"line":77,"column":50},"end":{"line":77,"column":null}}],"line":77},"16":{"loc":{"start":{"line":79,"column":17},"end":{"line":79,"column":null}},"type":"cond-expr","locations":[{"start":{"line":79,"column":27},"end":{"line":79,"column":50}},{"start":{"line":79,"column":50},"end":{"line":79,"column":null}}],"line":79}},"s":{"0":1,"1":2,"2":6,"3":2,"4":4,"5":0,"6":4,"7":2,"8":2,"9":0,"10":0,"11":0,"12":0,"13":2,"14":2,"15":2,"16":0,"17":2,"18":0,"19":0,"20":2,"21":0,"22":0,"23":0,"24":2,"25":2,"26":0,"27":0,"28":0,"29":0,"30":0,"31":0,"32":0,"33":0,"34":0,"35":0,"36":0,"37":0,"38":0,"39":0,"40":2,"41":0,"42":0},"f":{"0":2,"1":6,"2":4,"3":2,"4":2,"5":0,"6":0,"7":0,"8":0,"9":0,"10":0,"11":0,"12":0,"13":0,"14":0},"b":{"0":[6],"1":[0,4],"2":[0,0,0,0,2],"3":[2,2],"4":[0,0],"5":[2,2],"6":[0,0,0],"7":[2,2],"8":[0,0],"9":[0,0],"10":[0,2],"11":[2,2],"12":[0,0],"13":[0,0],"14":[0,0],"15":[0,0],"16":[0,0]},"meta":{"lastBranch":17,"lastFunction":15,"lastStatement":43,"seen":{"s:13:6:191:Infinity":0,"f:13:26:13:27":0,"s:14:25:19:Infinity":1,"f:14:25:14:26":1,"b:14:43:14:44":0,"s:15:4:18:Infinity":2,"s:21:21:24:Infinity":3,"f:21:21:21:22":2,"b:22:4:22:Infinity:undefined:undefined:undefined:undefined":1,"s:22:4:22:Infinity":4,"s:22:15:22:Infinity":5,"s:23:4:23:Infinity":6,"s:26:25:39:Infinity":7,"f:26:25:26:26":3,"b:28:6:29:Infinity:30:6:31:Infinity:32:6:33:Infinity:34:6:35:Infinity:36:6:37:Infinity":2,"s:27:4:38:Infinity":8,"s:29:8:29:Infinity":9,"s:31:8:31:Infinity":10,"s:33:8:33:Infinity":11,"s:35:8:35:Infinity":12,"s:37:8:37:Infinity":13,"s:41:93:96:Infinity":14,"f:41:104:41:Infinity":4,"s:42:17:45:Infinity":15,"b:42:17:44:Infinity:45:9:45:Infinity":3,"f:43:6:43:7":5,"s:43:20:43:Infinity":16,"b:43:27:43:48:43:52:43:Infinity":4,"s:47:22:56:Infinity":17,"b:47:22:55:Infinity:56:9:56:Infinity":5,"f:48:6:48:7":6,"s:49:29:52:Infinity":18,"b:49:29:51:Infinity:52:13:52:39:52:43:52:Infinity":6,"s:53:8:53:Infinity":19,"s:58:23:67:Infinity":20,"b:58:23:66:Infinity:67:9:67:Infinity":7,"f:59:6:59:7":7,"s:60:30:63:Infinity":21,"b:60:30:62:Infinity:63:13:63:Infinity":8,"f:61:10:61:11":8,"s:61:33:61:Infinity":22,"b:61:46:61:72:61:76:61:Infinity":9,"s:64:8:64:Infinity":23,"s:70:25:70:Infinity":24,"b:71:4:88:Infinity:undefined:undefined:undefined:undefined":10,"s:71:4:88:Infinity":25,"b:71:8:71:21:71:25:71:51":11,"s:72:29:84:Infinity":26,"f:72:47:72:Infinity":9,"b:73:8:73:Infinity:undefined:undefined:undefined:undefined":12,"s:73:8:73:Infinity":27,"b:73:12:73:24:73:28:73:54":13,"s:73:54:73:Infinity":28,"s:75:34:80:Infinity":29,"f:75:50:75:Infinity":10,"s:76:20:76:Infinity":30,"b:76:20:76:45:76:49:76:Infinity":14,"s:77:20:77:Infinity":31,"b:77:20:77:46:77:50:77:Infinity":15,"s:78:21:78:Infinity":32,"s:79:10:79:Infinity":33,"b:79:27:79:50:79:50:79:Infinity":16,"s:82:25:82:Infinity":34,"f:82:50:82:51":11,"s:82:62:82:71":35,"s:83:8:83:Infinity":36,"s:86:28:86:Infinity":37,"f:86:50:86:51":12,"s:86:62:86:71":38,"s:87:6:87:Infinity":39,"s:90:4:95:Infinity":40,"f:117:25:117:26":13,"s:117:32:117:Infinity":41,"f:134:25:134:26":14,"s:134:32:134:Infinity":42}}}
,"C:\\Users\\Kuma\\Documents\\IMAScontrol\\expense-manager-imas-main\\src\\components\\forms\\ContractEditDialog.tsx": {"path":"C:\\Users\\Kuma\\Documents\\IMAScontrol\\expense-manager-imas-main\\src\\components\\forms\\ContractEditDialog.tsx","statementMap":{"0":{"start":{"line":26,"column":34},"end":{"line":574,"column":null}},"1":{"start":{"line":27,"column":17},"end":{"line":27,"column":null}},"2":{"start":{"line":28,"column":28},"end":{"line":28,"column":null}},"3":{"start":{"line":29,"column":30},"end":{"line":29,"column":null}},"4":{"start":{"line":31,"column":8},"end":{"line":49,"column":null}},"5":{"start":{"line":51,"column":41},"end":{"line":51,"column":null}},"6":{"start":{"line":52,"column":45},"end":{"line":52,"column":null}},"7":{"start":{"line":53,"column":29},"end":{"line":53,"column":null}},"8":{"start":{"line":55,"column":37},"end":{"line":55,"column":null}},"9":{"start":{"line":56,"column":43},"end":{"line":56,"column":null}},"10":{"start":{"line":57,"column":63},"end":{"line":57,"column":null}},"11":{"start":{"line":59,"column":2},"end":{"line":79,"column":null}},"12":{"start":{"line":60,"column":4},"end":{"line":78,"column":null}},"13":{"start":{"line":61,"column":6},"end":{"line":61,"column":null}},"14":{"start":{"line":62,"column":6},"end":{"line":77,"column":null}},"15":{"start":{"line":81,"column":36},"end":{"line":93,"column":null}},"16":{"start":{"line":82,"column":32},"end":{"line":85,"column":null}},"17":{"start":{"line":86,"column":34},"end":{"line":89,"column":null}},"18":{"start":{"line":91,"column":4},"end":{"line":91,"column":null}},"19":{"start":{"line":91,"column":41},"end":{"line":91,"column":50}},"20":{"start":{"line":92,"column":4},"end":{"line":92,"column":null}},"21":{"start":{"line":92,"column":45},"end":{"line":92,"column":56}},"22":{"start":{"line":95,"column":31},"end":{"line":116,"column":null}},"23":{"start":{"line":96,"column":4},"end":{"line":114,"column":null}},"24":{"start":{"line":98,"column":20},"end":{"line":98,"column":null}},"25":{"start":{"line":99,"column":6},"end":{"line":107,"column":null}},"26":{"start":{"line":100,"column":8},"end":{"line":102,"column":null}},"27":{"start":{"line":101,"column":10},"end":{"line":101,"column":100}},"28":{"start":{"line":103,"column":13},"end":{"line":107,"column":null}},"29":{"start":{"line":104,"column":8},"end":{"line":106,"column":null}},"30":{"start":{"line":105,"column":10},"end":{"line":105,"column":null}},"31":{"start":{"line":105,"column":45},"end":{"line":105,"column":82}},"32":{"start":{"line":109,"column":6},"end":{"line":113,"column":null}},"33":{"start":{"line":110,"column":8},"end":{"line":110,"column":null}},"34":{"start":{"line":111,"column":8},"end":{"line":111,"column":null}},"35":{"start":{"line":112,"column":8},"end":{"line":112,"column":null}},"36":{"start":{"line":115,"column":4},"end":{"line":115,"column":null}},"37":{"start":{"line":118,"column":25},"end":{"line":124,"column":null}},"38":{"start":{"line":119,"column":4},"end":{"line":123,"column":null}},"39":{"start":{"line":120,"column":6},"end":{"line":120,"column":null}},"40":{"start":{"line":121,"column":6},"end":{"line":121,"column":null}},"41":{"start":{"line":122,"column":6},"end":{"line":122,"column":null}},"42":{"start":{"line":126,"column":24},"end":{"line":129,"column":null}},"43":{"start":{"line":127,"column":4},"end":{"line":127,"column":null}},"44":{"start":{"line":128,"column":4},"end":{"line":128,"column":null}},"45":{"start":{"line":131,"column":19},"end":{"line":211,"column":null}},"46":{"start":{"line":132,"column":4},"end":{"line":132,"column":null}},"47":{"start":{"line":133,"column":4},"end":{"line":210,"column":null}},"48":{"start":{"line":134,"column":37},"end":{"line":152,"column":null}},"49":{"start":{"line":154,"column":6},"end":{"line":162,"column":null}},"50":{"start":{"line":156,"column":8},"end":{"line":160,"column":null}},"51":{"start":{"line":157,"column":10},"end":{"line":157,"column":null}},"52":{"start":{"line":158,"column":10},"end":{"line":158,"column":null}},"53":{"start":{"line":159,"column":10},"end":{"line":159,"column":null}},"54":{"start":{"line":161,"column":8},"end":{"line":161,"column":null}},"55":{"start":{"line":165,"column":6},"end":{"line":173,"column":null}},"56":{"start":{"line":166,"column":8},"end":{"line":172,"column":null}},"57":{"start":{"line":176,"column":6},"end":{"line":176,"column":null}},"58":{"start":{"line":177,"column":6},"end":{"line":183,"column":null}},"59":{"start":{"line":178,"column":28},"end":{"line":181,"column":null}},"60":{"start":{"line":178,"column":57},"end":{"line":181,"column":null}},"61":{"start":{"line":182,"column":8},"end":{"line":182,"column":null}},"62":{"start":{"line":186,"column":6},"end":{"line":186,"column":null}},"63":{"start":{"line":187,"column":6},"end":{"line":193,"column":null}},"64":{"start":{"line":188,"column":30},"end":{"line":191,"column":null}},"65":{"start":{"line":188,"column":63},"end":{"line":191,"column":null}},"66":{"start":{"line":192,"column":8},"end":{"line":192,"column":null}},"67":{"start":{"line":195,"column":6},"end":{"line":198,"column":null}},"68":{"start":{"line":199,"column":6},"end":{"line":199,"column":null}},"69":{"start":{"line":200,"column":6},"end":{"line":200,"column":null}},"70":{"start":{"line":202,"column":6},"end":{"line":202,"column":null}},"71":{"start":{"line":203,"column":6},"end":{"line":207,"column":null}},"72":{"start":{"line":209,"column":6},"end":{"line":209,"column":null}},"73":{"start":{"line":253,"column":30},"end":{"line":253,"column":null}},"74":{"start":{"line":254,"column":30},"end":{"line":254,"column":null}},"75":{"start":{"line":323,"column":26},"end":{"line":325,"column":null}},"76":{"start":{"line":325,"column":57},"end":{"line":325,"column":71}},"77":{"start":{"line":343,"column":26},"end":{"line":345,"column":null}},"78":{"start":{"line":345,"column":59},"end":{"line":345,"column":75}},"79":{"start":{"line":513,"column":56},"end":{"line":513,"column":null}},"80":{"start":{"line":531,"column":56},"end":{"line":531,"column":null}},"81":{"start":{"line":543,"column":71},"end":{"line":543,"column":92}}},"fnMap":{"0":{"name":"(anonymous_0)","decl":{"start":{"line":26,"column":34},"end":{"line":26,"column":35}},"loc":{"start":{"line":26,"column":103},"end":{"line":574,"column":null}},"line":26},"1":{"name":"(anonymous_1)","decl":{"start":{"line":59,"column":12},"end":{"line":59,"column":null}},"loc":{"start":{"line":59,"column":12},"end":{"line":79,"column":5}},"line":59},"2":{"name":"(anonymous_2)","decl":{"start":{"line":81,"column":36},"end":{"line":81,"column":null}},"loc":{"start":{"line":81,"column":36},"end":{"line":93,"column":null}},"line":81},"3":{"name":"(anonymous_3)","decl":{"start":{"line":91,"column":36},"end":{"line":91,"column":41}},"loc":{"start":{"line":91,"column":41},"end":{"line":91,"column":50}},"line":91},"4":{"name":"(anonymous_4)","decl":{"start":{"line":92,"column":40},"end":{"line":92,"column":45}},"loc":{"start":{"line":92,"column":45},"end":{"line":92,"column":56}},"line":92},"5":{"name":"(anonymous_5)","decl":{"start":{"line":95,"column":31},"end":{"line":95,"column":32}},"loc":{"start":{"line":95,"column":68},"end":{"line":116,"column":null}},"line":95},"6":{"name":"(anonymous_6)","decl":{"start":{"line":100,"column":38},"end":{"line":100,"column":39}},"loc":{"start":{"line":101,"column":10},"end":{"line":101,"column":100}},"line":101},"7":{"name":"(anonymous_7)","decl":{"start":{"line":104,"column":38},"end":{"line":104,"column":39}},"loc":{"start":{"line":105,"column":10},"end":{"line":105,"column":null}},"line":105},"8":{"name":"(anonymous_8)","decl":{"start":{"line":105,"column":28},"end":{"line":105,"column":29}},"loc":{"start":{"line":105,"column":45},"end":{"line":105,"column":82}},"line":105},"9":{"name":"(anonymous_9)","decl":{"start":{"line":118,"column":25},"end":{"line":118,"column":null}},"loc":{"start":{"line":118,"column":25},"end":{"line":124,"column":null}},"line":118},"10":{"name":"(anonymous_10)","decl":{"start":{"line":126,"column":24},"end":{"line":126,"column":null}},"loc":{"start":{"line":126,"column":24},"end":{"line":129,"column":null}},"line":126},"11":{"name":"(anonymous_11)","decl":{"start":{"line":131,"column":19},"end":{"line":131,"column":26}},"loc":{"start":{"line":131,"column":26},"end":{"line":211,"column":null}},"line":131},"12":{"name":"(anonymous_12)","decl":{"start":{"line":178,"column":46},"end":{"line":178,"column":57}},"loc":{"start":{"line":178,"column":57},"end":{"line":181,"column":null}},"line":178},"13":{"name":"(anonymous_13)","decl":{"start":{"line":188,"column":50},"end":{"line":188,"column":63}},"loc":{"start":{"line":188,"column":63},"end":{"line":191,"column":null}},"line":188},"14":{"name":"(anonymous_14)","decl":{"start":{"line":252,"column":38},"end":{"line":252,"column":39}},"loc":{"start":{"line":252,"column":39},"end":{"line":255,"column":null}},"line":252},"15":{"name":"(anonymous_15)","decl":{"start":{"line":322,"column":41},"end":{"line":322,"column":42}},"loc":{"start":{"line":322,"column":42},"end":{"line":327,"column":null}},"line":322},"16":{"name":"(anonymous_16)","decl":{"start":{"line":325,"column":51},"end":{"line":325,"column":57}},"loc":{"start":{"line":325,"column":57},"end":{"line":325,"column":71}},"line":325},"17":{"name":"(anonymous_17)","decl":{"start":{"line":342,"column":41},"end":{"line":342,"column":42}},"loc":{"start":{"line":342,"column":42},"end":{"line":347,"column":null}},"line":342},"18":{"name":"(anonymous_18)","decl":{"start":{"line":345,"column":53},"end":{"line":345,"column":59}},"loc":{"start":{"line":345,"column":59},"end":{"line":345,"column":75}},"line":345},"19":{"name":"(anonymous_19)","decl":{"start":{"line":513,"column":43},"end":{"line":513,"column":44}},"loc":{"start":{"line":513,"column":56},"end":{"line":513,"column":null}},"line":513},"20":{"name":"(anonymous_20)","decl":{"start":{"line":531,"column":43},"end":{"line":531,"column":44}},"loc":{"start":{"line":531,"column":56},"end":{"line":531,"column":null}},"line":531},"21":{"name":"(anonymous_21)","decl":{"start":{"line":543,"column":65},"end":{"line":543,"column":71}},"loc":{"start":{"line":543,"column":71},"end":{"line":543,"column":92}},"line":543}},"branchMap":{"0":{"loc":{"start":{"line":28,"column":16},"end":{"line":28,"column":26}},"type":"default-arg","locations":[{"start":{"line":28,"column":24},"end":{"line":28,"column":26}}],"line":28},"1":{"loc":{"start":{"line":29,"column":16},"end":{"line":29,"column":28}},"type":"default-arg","locations":[{"start":{"line":29,"column":26},"end":{"line":29,"column":28}}],"line":29},"2":{"loc":{"start":{"line":35,"column":19},"end":{"line":35,"column":null}},"type":"binary-expr","locations":[{"start":{"line":35,"column":19},"end":{"line":35,"column":39}},{"start":{"line":35,"column":43},"end":{"line":35,"column":null}}],"line":35},"3":{"loc":{"start":{"line":36,"column":22},"end":{"line":36,"column":null}},"type":"binary-expr","locations":[{"start":{"line":36,"column":22},"end":{"line":36,"column":45}},{"start":{"line":36,"column":49},"end":{"line":36,"column":null}}],"line":36},"4":{"loc":{"start":{"line":37,"column":26},"end":{"line":37,"column":null}},"type":"binary-expr","locations":[{"start":{"line":37,"column":26},"end":{"line":37,"column":53}},{"start":{"line":37,"column":57},"end":{"line":37,"column":null}}],"line":37},"5":{"loc":{"start":{"line":38,"column":24},"end":{"line":38,"column":null}},"type":"binary-expr","locations":[{"start":{"line":38,"column":24},"end":{"line":38,"column":50}},{"start":{"line":38,"column":82},"end":{"line":38,"column":null}}],"line":38},"6":{"loc":{"start":{"line":39,"column":24},"end":{"line":39,"column":null}},"type":"binary-expr","locations":[{"start":{"line":39,"column":24},"end":{"line":39,"column":49}},{"start":{"line":39,"column":53},"end":{"line":39,"column":null}}],"line":39},"7":{"loc":{"start":{"line":40,"column":27},"end":{"line":40,"column":null}},"type":"binary-expr","locations":[{"start":{"line":40,"column":27},"end":{"line":40,"column":55}},{"start":{"line":40,"column":59},"end":{"line":40,"column":null}}],"line":40},"8":{"loc":{"start":{"line":41,"column":23},"end":{"line":41,"column":null}},"type":"binary-expr","locations":[{"start":{"line":41,"column":23},"end":{"line":41,"column":47}},{"start":{"line":41,"column":51},"end":{"line":41,"column":null}}],"line":41},"9":{"loc":{"start":{"line":42,"column":21},"end":{"line":42,"column":null}},"type":"binary-expr","locations":[{"start":{"line":42,"column":21},"end":{"line":42,"column":43}},{"start":{"line":42,"column":47},"end":{"line":42,"column":null}}],"line":42},"10":{"loc":{"start":{"line":43,"column":15},"end":{"line":43,"column":null}},"type":"binary-expr","locations":[{"start":{"line":43,"column":15},"end":{"line":43,"column":31}},{"start":{"line":43,"column":35},"end":{"line":43,"column":null}}],"line":43},"11":{"loc":{"start":{"line":44,"column":23},"end":{"line":44,"column":null}},"type":"binary-expr","locations":[{"start":{"line":44,"column":23},"end":{"line":44,"column":47}},{"start":{"line":44,"column":51},"end":{"line":44,"column":null}}],"line":44},"12":{"loc":{"start":{"line":45,"column":20},"end":{"line":45,"column":null}},"type":"binary-expr","locations":[{"start":{"line":45,"column":20},"end":{"line":45,"column":41}},{"start":{"line":45,"column":45},"end":{"line":45,"column":null}}],"line":45},"13":{"loc":{"start":{"line":46,"column":18},"end":{"line":46,"column":null}},"type":"binary-expr","locations":[{"start":{"line":46,"column":18},"end":{"line":46,"column":37}},{"start":{"line":46,"column":41},"end":{"line":46,"column":null}}],"line":46},"14":{"loc":{"start":{"line":47,"column":18},"end":{"line":47,"column":null}},"type":"binary-expr","locations":[{"start":{"line":47,"column":18},"end":{"line":47,"column":37}},{"start":{"line":47,"column":41},"end":{"line":47,"column":null}}],"line":47},"15":{"loc":{"start":{"line":60,"column":4},"end":{"line":78,"column":null}},"type":"if","locations":[{"start":{"line":60,"column":4},"end":{"line":78,"column":null}},{"start":{},"end":{}}],"line":60},"16":{"loc":{"start":{"line":64,"column":21},"end":{"line":64,"column":null}},"type":"binary-expr","locations":[{"start":{"line":64,"column":21},"end":{"line":64,"column":41}},{"start":{"line":64,"column":45},"end":{"line":64,"column":null}}],"line":64},"17":{"loc":{"start":{"line":65,"column":24},"end":{"line":65,"column":null}},"type":"binary-expr","locations":[{"start":{"line":65,"column":24},"end":{"line":65,"column":47}},{"start":{"line":65,"column":51},"end":{"line":65,"column":null}}],"line":65},"18":{"loc":{"start":{"line":66,"column":28},"end":{"line":66,"column":null}},"type":"binary-expr","locations":[{"start":{"line":66,"column":28},"end":{"line":66,"column":55}},{"start":{"line":66,"column":59},"end":{"line":66,"column":null}}],"line":66},"19":{"loc":{"start":{"line":67,"column":26},"end":{"line":67,"column":null}},"type":"binary-expr","locations":[{"start":{"line":67,"column":26},"end":{"line":67,"column":52}},{"start":{"line":67,"column":84},"end":{"line":67,"column":null}}],"line":67},"20":{"loc":{"start":{"line":68,"column":26},"end":{"line":68,"column":null}},"type":"binary-expr","locations":[{"start":{"line":68,"column":26},"end":{"line":68,"column":51}},{"start":{"line":68,"column":55},"end":{"line":68,"column":null}}],"line":68},"21":{"loc":{"start":{"line":69,"column":29},"end":{"line":69,"column":null}},"type":"binary-expr","locations":[{"start":{"line":69,"column":29},"end":{"line":69,"column":57}},{"start":{"line":69,"column":61},"end":{"line":69,"column":null}}],"line":69},"22":{"loc":{"start":{"line":70,"column":25},"end":{"line":70,"column":null}},"type":"binary-expr","locations":[{"start":{"line":70,"column":25},"end":{"line":70,"column":49}},{"start":{"line":70,"column":53},"end":{"line":70,"column":null}}],"line":70},"23":{"loc":{"start":{"line":71,"column":23},"end":{"line":71,"column":null}},"type":"binary-expr","locations":[{"start":{"line":71,"column":23},"end":{"line":71,"column":45}},{"start":{"line":71,"column":49},"end":{"line":71,"column":null}}],"line":71},"24":{"loc":{"start":{"line":72,"column":17},"end":{"line":72,"column":null}},"type":"binary-expr","locations":[{"start":{"line":72,"column":17},"end":{"line":72,"column":33}},{"start":{"line":72,"column":37},"end":{"line":72,"column":null}}],"line":72},"25":{"loc":{"start":{"line":73,"column":25},"end":{"line":73,"column":null}},"type":"binary-expr","locations":[{"start":{"line":73,"column":25},"end":{"line":73,"column":49}},{"start":{"line":73,"column":53},"end":{"line":73,"column":null}}],"line":73},"26":{"loc":{"start":{"line":74,"column":22},"end":{"line":74,"column":null}},"type":"binary-expr","locations":[{"start":{"line":74,"column":22},"end":{"line":74,"column":43}},{"start":{"line":74,"column":47},"end":{"line":74,"column":null}}],"line":74},"27":{"loc":{"start":{"line":75,"column":20},"end":{"line":75,"column":null}},"type":"binary-expr","locations":[{"start":{"line":75,"column":20},"end":{"line":75,"column":39}},{"start":{"line":75,"column":43},"end":{"line":75,"column":null}}],"line":75},"28":{"loc":{"start":{"line":76,"column":20},"end":{"line":76,"column":null}},"type":"binary-expr","locations":[{"start":{"line":76,"column":20},"end":{"line":76,"column":39}},{"start":{"line":76,"column":43},"end":{"line":76,"column":null}}],"line":76},"29":{"loc":{"start":{"line":91,"column":21},"end":{"line":91,"column":57}},"type":"binary-expr","locations":[{"start":{"line":91,"column":21},"end":{"line":91,"column":55}},{"start":{"line":91,"column":55},"end":{"line":91,"column":57}}],"line":91},"30":{"loc":{"start":{"line":92,"column":23},"end":{"line":92,"column":63}},"type":"binary-expr","locations":[{"start":{"line":92,"column":23},"end":{"line":92,"column":61}},{"start":{"line":92,"column":61},"end":{"line":92,"column":63}}],"line":92},"31":{"loc":{"start":{"line":96,"column":4},"end":{"line":114,"column":null}},"type":"if","locations":[{"start":{"line":96,"column":4},"end":{"line":114,"column":null}},{"start":{},"end":{}}],"line":96},"32":{"loc":{"start":{"line":99,"column":6},"end":{"line":107,"column":null}},"type":"if","locations":[{"start":{"line":99,"column":6},"end":{"line":107,"column":null}},{"start":{"line":103,"column":13},"end":{"line":107,"column":null}}],"line":99},"33":{"loc":{"start":{"line":100,"column":18},"end":{"line":102,"column":null}},"type":"binary-expr","locations":[{"start":{"line":100,"column":18},"end":{"line":101,"column":null}},{"start":{"line":102,"column":13},"end":{"line":102,"column":null}}],"line":100},"34":{"loc":{"start":{"line":101,"column":10},"end":{"line":101,"column":100}},"type":"binary-expr","locations":[{"start":{"line":101,"column":10},"end":{"line":101,"column":34}},{"start":{"line":101,"column":38},"end":{"line":101,"column":60}},{"start":{"line":101,"column":64},"end":{"line":101,"column":100}}],"line":101},"35":{"loc":{"start":{"line":103,"column":13},"end":{"line":107,"column":null}},"type":"if","locations":[{"start":{"line":103,"column":13},"end":{"line":107,"column":null}},{"start":{},"end":{}}],"line":103},"36":{"loc":{"start":{"line":104,"column":18},"end":{"line":106,"column":null}},"type":"binary-expr","locations":[{"start":{"line":104,"column":18},"end":{"line":105,"column":null}},{"start":{"line":106,"column":13},"end":{"line":106,"column":null}}],"line":104},"37":{"loc":{"start":{"line":105,"column":45},"end":{"line":105,"column":82}},"type":"binary-expr","locations":[{"start":{"line":105,"column":45},"end":{"line":105,"column":63}},{"start":{"line":105,"column":67},"end":{"line":105,"column":82}}],"line":105},"38":{"loc":{"start":{"line":109,"column":6},"end":{"line":113,"column":null}},"type":"if","locations":[{"start":{"line":109,"column":6},"end":{"line":113,"column":null}},{"start":{},"end":{}}],"line":109},"39":{"loc":{"start":{"line":119,"column":4},"end":{"line":123,"column":null}},"type":"if","locations":[{"start":{"line":119,"column":4},"end":{"line":123,"column":null}},{"start":{},"end":{}}],"line":119},"40":{"loc":{"start":{"line":154,"column":6},"end":{"line":162,"column":null}},"type":"if","locations":[{"start":{"line":154,"column":6},"end":{"line":162,"column":null}},{"start":{},"end":{}}],"line":154},"41":{"loc":{"start":{"line":156,"column":8},"end":{"line":160,"column":null}},"type":"if","locations":[{"start":{"line":156,"column":8},"end":{"line":160,"column":null}},{"start":{},"end":{}}],"line":156},"42":{"loc":{"start":{"line":165,"column":6},"end":{"line":173,"column":null}},"type":"if","locations":[{"start":{"line":165,"column":6},"end":{"line":173,"column":null}},{"start":{},"end":{}}],"line":165},"43":{"loc":{"start":{"line":165,"column":10},"end":{"line":165,"column":49}},"type":"binary-expr","locations":[{"start":{"line":165,"column":10},"end":{"line":165,"column":26}},{"start":{"line":165,"column":30},"end":{"line":165,"column":49}}],"line":165},"44":{"loc":{"start":{"line":177,"column":6},"end":{"line":183,"column":null}},"type":"if","locations":[{"start":{"line":177,"column":6},"end":{"line":183,"column":null}},{"start":{},"end":{}}],"line":177},"45":{"loc":{"start":{"line":187,"column":6},"end":{"line":193,"column":null}},"type":"if","locations":[{"start":{"line":187,"column":6},"end":{"line":193,"column":null}},{"start":{},"end":{}}],"line":187},"46":{"loc":{"start":{"line":256,"column":39},"end":{"line":256,"column":null}},"type":"cond-expr","locations":[{"start":{"line":256,"column":66},"end":{"line":256,"column":89}},{"start":{"line":256,"column":89},"end":{"line":256,"column":null}}],"line":256},"47":{"loc":{"start":{"line":299,"column":27},"end":{"line":299,"column":null}},"type":"binary-expr","locations":[{"start":{"line":299,"column":27},"end":{"line":299,"column":46}},{"start":{"line":299,"column":50},"end":{"line":299,"column":null}}],"line":299},"48":{"loc":{"start":{"line":308,"column":27},"end":{"line":308,"column":null}},"type":"binary-expr","locations":[{"start":{"line":308,"column":27},"end":{"line":308,"column":44}},{"start":{"line":308,"column":48},"end":{"line":308,"column":null}}],"line":308},"49":{"loc":{"start":{"line":323,"column":43},"end":{"line":325,"column":null}},"type":"cond-expr","locations":[{"start":{"line":324,"column":30},"end":{"line":324,"column":null}},{"start":{"line":325,"column":30},"end":{"line":325,"column":null}}],"line":323},"50":{"loc":{"start":{"line":343,"column":45},"end":{"line":345,"column":null}},"type":"cond-expr","locations":[{"start":{"line":344,"column":30},"end":{"line":344,"column":null}},{"start":{"line":345,"column":30},"end":{"line":345,"column":null}}],"line":343},"51":{"loc":{"start":{"line":547,"column":19},"end":{"line":547,"column":null}},"type":"cond-expr","locations":[{"start":{"line":547,"column":29},"end":{"line":547,"column":45}},{"start":{"line":547,"column":45},"end":{"line":547,"column":null}}],"line":547},"52":{"loc":{"start":{"line":562,"column":49},"end":{"line":562,"column":139}},"type":"cond-expr","locations":[{"start":{"line":562,"column":83},"end":{"line":562,"column":109}},{"start":{"line":562,"column":109},"end":{"line":562,"column":139}}],"line":562}},"s":{"0":1,"1":10,"2":10,"3":10,"4":10,"5":10,"6":10,"7":10,"8":10,"9":10,"10":10,"11":10,"12":2,"13":2,"14":2,"15":10,"16":2,"17":2,"18":2,"19":0,"20":2,"21":0,"22":10,"23":0,"24":0,"25":0,"26":0,"27":0,"28":0,"29":0,"30":0,"31":0,"32":0,"33":0,"34":0,"35":0,"36":0,"37":10,"38":0,"39":0,"40":0,"41":0,"42":10,"43":0,"44":0,"45":10,"46":0,"47":0,"48":0,"49":0,"50":0,"51":0,"52":0,"53":0,"54":0,"55":0,"56":0,"57":0,"58":0,"59":0,"60":0,"61":0,"62":0,"63":0,"64":0,"65":0,"66":0,"67":0,"68":0,"69":0,"70":0,"71":0,"72":0,"73":0,"74":0,"75":0,"76":0,"77":0,"78":0,"79":0,"80":0,"81":0},"f":{"0":10,"1":2,"2":2,"3":0,"4":0,"5":0,"6":0,"7":0,"8":0,"9":0,"10":0,"11":0,"12":0,"13":0,"14":0,"15":0,"16":0,"17":0,"18":0,"19":0,"20":0,"21":0},"b":{"0":[10],"1":[10],"2":[10,9],"3":[10,9],"4":[10,9],"5":[10,9],"6":[10,9],"7":[10,9],"8":[10,9],"9":[10,9],"10":[10,9],"11":[10,9],"12":[10,9],"13":[10,9],"14":[10,9],"15":[2,0],"16":[2,2],"17":[2,2],"18":[2,2],"19":[2,2],"20":[2,2],"21":[2,2],"22":[2,2],"23":[2,2],"24":[2,2],"25":[2,2],"26":[2,2],"27":[2,2],"28":[2,2],"29":[2,0],"30":[2,0],"31":[0,0],"32":[0,0],"33":[0,0],"34":[0,0,0],"35":[0,0],"36":[0,0],"37":[0,0],"38":[0,0],"39":[0,0],"40":[0,0],"41":[0,0],"42":[0,0],"43":[0,0],"44":[0,0],"45":[0,0],"46":[0,8],"47":[10,9],"48":[10,9],"49":[0,0],"50":[0,0],"51":[0,9],"52":[0,9]},"meta":{"lastBranch":53,"lastFunction":22,"lastStatement":82,"seen":{"s:26:34:574:Infinity":0,"f:26:34:26:35":0,"s:27:17:27:Infinity":1,"s:28:28:28:Infinity":2,"b:28:24:28:26":0,"s:29:30:29:Infinity":3,"b:29:26:29:28":1,"s:31:8:49:Infinity":4,"b:35:19:35:39:35:43:35:Infinity":2,"b:36:22:36:45:36:49:36:Infinity":3,"b:37:26:37:53:37:57:37:Infinity":4,"b:38:24:38:50:38:82:38:Infinity":5,"b:39:24:39:49:39:53:39:Infinity":6,"b:40:27:40:55:40:59:40:Infinity":7,"b:41:23:41:47:41:51:41:Infinity":8,"b:42:21:42:43:42:47:42:Infinity":9,"b:43:15:43:31:43:35:43:Infinity":10,"b:44:23:44:47:44:51:44:Infinity":11,"b:45:20:45:41:45:45:45:Infinity":12,"b:46:18:46:37:46:41:46:Infinity":13,"b:47:18:47:37:47:41:47:Infinity":14,"s:51:41:51:Infinity":5,"s:52:45:52:Infinity":6,"s:53:29:53:Infinity":7,"s:55:37:55:Infinity":8,"s:56:43:56:Infinity":9,"s:57:63:57:Infinity":10,"s:59:2:79:Infinity":11,"f:59:12:59:Infinity":1,"b:60:4:78:Infinity:undefined:undefined:undefined:undefined":15,"s:60:4:78:Infinity":12,"s:61:6:61:Infinity":13,"s:62:6:77:Infinity":14,"b:64:21:64:41:64:45:64:Infinity":16,"b:65:24:65:47:65:51:65:Infinity":17,"b:66:28:66:55:66:59:66:Infinity":18,"b:67:26:67:52:67:84:67:Infinity":19,"b:68:26:68:51:68:55:68:Infinity":20,"b:69:29:69:57:69:61:69:Infinity":21,"b:70:25:70:49:70:53:70:Infinity":22,"b:71:23:71:45:71:49:71:Infinity":23,"b:72:17:72:33:72:37:72:Infinity":24,"b:73:25:73:49:73:53:73:Infinity":25,"b:74:22:74:43:74:47:74:Infinity":26,"b:75:20:75:39:75:43:75:Infinity":27,"b:76:20:76:39:76:43:76:Infinity":28,"s:81:36:93:Infinity":15,"f:81:36:81:Infinity":2,"s:82:32:85:Infinity":16,"s:86:34:89:Infinity":17,"s:91:4:91:Infinity":18,"b:91:21:91:55:91:55:91:57":29,"f:91:36:91:41":3,"s:91:41:91:50":19,"s:92:4:92:Infinity":20,"b:92:23:92:61:92:61:92:63":30,"f:92:40:92:45":4,"s:92:45:92:56":21,"s:95:31:116:Infinity":22,"f:95:31:95:32":5,"b:96:4:114:Infinity:undefined:undefined:undefined:undefined":31,"s:96:4:114:Infinity":23,"s:98:20:98:Infinity":24,"b:99:6:107:Infinity:103:13:107:Infinity":32,"s:99:6:107:Infinity":25,"s:100:8:102:Infinity":26,"b:100:18:101:Infinity:102:13:102:Infinity":33,"f:100:38:100:39":6,"s:101:10:101:100":27,"b:101:10:101:34:101:38:101:60:101:64:101:100":34,"b:103:13:107:Infinity:undefined:undefined:undefined:undefined":35,"s:103:13:107:Infinity":28,"s:104:8:106:Infinity":29,"b:104:18:105:Infinity:106:13:106:Infinity":36,"f:104:38:104:39":7,"s:105:10:105:Infinity":30,"f:105:28:105:29":8,"s:105:45:105:82":31,"b:105:45:105:63:105:67:105:82":37,"b:109:6:113:Infinity:undefined:undefined:undefined:undefined":38,"s:109:6:113:Infinity":32,"s:110:8:110:Infinity":33,"s:111:8:111:Infinity":34,"s:112:8:112:Infinity":35,"s:115:4:115:Infinity":36,"s:118:25:124:Infinity":37,"f:118:25:118:Infinity":9,"b:119:4:123:Infinity:undefined:undefined:undefined:undefined":39,"s:119:4:123:Infinity":38,"s:120:6:120:Infinity":39,"s:121:6:121:Infinity":40,"s:122:6:122:Infinity":41,"s:126:24:129:Infinity":42,"f:126:24:126:Infinity":10,"s:127:4:127:Infinity":43,"s:128:4:128:Infinity":44,"s:131:19:211:Infinity":45,"f:131:19:131:26":11,"s:132:4:132:Infinity":46,"s:133:4:210:Infinity":47,"s:134:37:152:Infinity":48,"b:154:6:162:Infinity:undefined:undefined:undefined:undefined":40,"s:154:6:162:Infinity":49,"b:156:8:160:Infinity:undefined:undefined:undefined:undefined":41,"s:156:8:160:Infinity":50,"s:157:10:157:Infinity":51,"s:158:10:158:Infinity":52,"s:159:10:159:Infinity":53,"s:161:8:161:Infinity":54,"b:165:6:173:Infinity:undefined:undefined:undefined:undefined":42,"s:165:6:173:Infinity":55,"b:165:10:165:26:165:30:165:49":43,"s:166:8:172:Infinity":56,"s:176:6:176:Infinity":57,"b:177:6:183:Infinity:undefined:undefined:undefined:undefined":44,"s:177:6:183:Infinity":58,"s:178:28:181:Infinity":59,"f:178:46:178:57":12,"s:178:57:181:Infinity":60,"s:182:8:182:Infinity":61,"s:186:6:186:Infinity":62,"b:187:6:193:Infinity:undefined:undefined:undefined:undefined":45,"s:187:6:193:Infinity":63,"s:188:30:191:Infinity":64,"f:188:50:188:63":13,"s:188:63:191:Infinity":65,"s:192:8:192:Infinity":66,"s:195:6:198:Infinity":67,"s:199:6:199:Infinity":68,"s:200:6:200:Infinity":69,"s:202:6:202:Infinity":70,"s:203:6:207:Infinity":71,"s:209:6:209:Infinity":72,"f:252:38:252:39":14,"s:253:30:253:Infinity":73,"s:254:30:254:Infinity":74,"b:256:66:256:89:256:89:256:Infinity":46,"b:299:27:299:46:299:50:299:Infinity":47,"b:308:27:308:44:308:48:308:Infinity":48,"f:322:41:322:42":15,"s:323:26:325:Infinity":75,"b:324:30:324:Infinity:325:30:325:Infinity":49,"f:325:51:325:57":16,"s:325:57:325:71":76,"f:342:41:342:42":17,"s:343:26:345:Infinity":77,"b:344:30:344:Infinity:345:30:345:Infinity":50,"f:345:53:345:59":18,"s:345:59:345:75":78,"f:513:43:513:44":19,"s:513:56:513:Infinity":79,"f:531:43:531:44":20,"s:531:56:531:Infinity":80,"f:543:65:543:71":21,"s:543:71:543:92":81,"b:547:29:547:45:547:45:547:Infinity":51,"b:562:83:562:109:562:109:562:139":52}}}
,"C:\\Users\\Kuma\\Documents\\IMAScontrol\\expense-manager-imas-main\\src\\components\\ui\\button.tsx": {"path":"C:\\Users\\Kuma\\Documents\\IMAScontrol\\expense-manager-imas-main\\src\\components\\ui\\button.tsx","statementMap":{"0":{"start":{"line":7,"column":6},"end":{"line":30,"column":null}},"1":{"start":{"line":39,"column":15},"end":{"line":43,"column":null}},"2":{"start":{"line":41,"column":17},"end":{"line":41,"column":null}},"3":{"start":{"line":45,"column":0},"end":{"line":45,"column":null}}},"fnMap":{"0":{"name":"(anonymous_0)","decl":{"start":{"line":40,"column":2},"end":{"line":40,"column":3}},"loc":{"start":{"line":40,"column":60},"end":{"line":43,"column":null}},"line":40}},"branchMap":{"0":{"loc":{"start":{"line":40,"column":31},"end":{"line":40,"column":46}},"type":"default-arg","locations":[{"start":{"line":40,"column":41},"end":{"line":40,"column":46}}],"line":40},"1":{"loc":{"start":{"line":41,"column":17},"end":{"line":41,"column":null}},"type":"cond-expr","locations":[{"start":{"line":41,"column":27},"end":{"line":41,"column":34}},{"start":{"line":41,"column":34},"end":{"line":41,"column":null}}],"line":41}},"s":{"0":1,"1":1,"2":14,"3":1},"f":{"0":14},"b":{"0":[14],"1":[0,14]},"meta":{"lastBranch":2,"lastFunction":1,"lastStatement":4,"seen":{"s:7:6:30:Infinity":0,"s:39:15:43:Infinity":1,"f:40:2:40:3":0,"b:40:41:40:46":0,"s:41:17:41:Infinity":2,"b:41:27:41:34:41:34:41:Infinity":1,"s:45:0:45:Infinity":3}}}
,"C:\\Users\\Kuma\\Documents\\IMAScontrol\\expense-manager-imas-main\\src\\components\\ui\\checkbox.tsx": {"path":"C:\\Users\\Kuma\\Documents\\IMAScontrol\\expense-manager-imas-main\\src\\components\\ui\\checkbox.tsx","statementMap":{"0":{"start":{"line":24,"column":0},"end":{"line":24,"column":null}}},"fnMap":{},"branchMap":{},"s":{"0":1},"f":{},"b":{},"meta":{"lastBranch":0,"lastFunction":0,"lastStatement":1,"seen":{"s:24:0:24:Infinity":0}}}
,"C:\\Users\\Kuma\\Documents\\IMAScontrol\\expense-manager-imas-main\\src\\components\\ui\\dialog.tsx": {"path":"C:\\Users\\Kuma\\Documents\\IMAScontrol\\expense-manager-imas-main\\src\\components\\ui\\dialog.tsx","statementMap":{"0":{"start":{"line":7,"column":15},"end":{"line":7,"column":35}},"1":{"start":{"line":9,"column":22},"end":{"line":9,"column":45}},"2":{"start":{"line":11,"column":21},"end":{"line":11,"column":43}},"3":{"start":{"line":13,"column":20},"end":{"line":13,"column":41}},"4":{"start":{"line":28,"column":0},"end":{"line":28,"column":null}},"5":{"start":{"line":52,"column":0},"end":{"line":52,"column":null}},"6":{"start":{"line":57,"column":0},"end":{"line":57,"column":null}},"7":{"start":{"line":62,"column":0},"end":{"line":62,"column":null}},"8":{"start":{"line":74,"column":0},"end":{"line":74,"column":null}},"9":{"start":{"line":82,"column":0},"end":{"line":82,"column":null}}},"fnMap":{},"branchMap":{},"s":{"0":1,"1":1,"2":1,"3":1,"4":1,"5":1,"6":1,"7":1,"8":1,"9":1},"f":{},"b":{},"meta":{"lastBranch":0,"lastFunction":0,"lastStatement":10,"seen":{"s:7:15:7:35":0,"s:9:22:9:45":1,"s:11:21:11:43":2,"s:13:20:13:41":3,"s:28:0:28:Infinity":4,"s:52:0:52:Infinity":5,"s:57:0:57:Infinity":6,"s:62:0:62:Infinity":7,"s:74:0:74:Infinity":8,"s:82:0:82:Infinity":9}}}
,"C:\\Users\\Kuma\\Documents\\IMAScontrol\\expense-manager-imas-main\\src\\components\\ui\\form.tsx": {"path":"C:\\Users\\Kuma\\Documents\\IMAScontrol\\expense-manager-imas-main\\src\\components\\ui\\form.tsx","statementMap":{"0":{"start":{"line":9,"column":13},"end":{"line":9,"column":null}},"1":{"start":{"line":18,"column":25},"end":{"line":18,"column":null}},"2":{"start":{"line":20,"column":18},"end":{"line":31,"column":null}},"3":{"start":{"line":33,"column":21},"end":{"line":54,"column":null}},"4":{"start":{"line":34,"column":23},"end":{"line":34,"column":null}},"5":{"start":{"line":35,"column":22},"end":{"line":35,"column":null}},"6":{"start":{"line":36,"column":36},"end":{"line":36,"column":null}},"7":{"start":{"line":38,"column":21},"end":{"line":38,"column":null}},"8":{"start":{"line":40,"column":2},"end":{"line":42,"column":null}},"9":{"start":{"line":41,"column":4},"end":{"line":41,"column":null}},"10":{"start":{"line":44,"column":17},"end":{"line":44,"column":null}},"11":{"start":{"line":46,"column":2},"end":{"line":53,"column":null}},"12":{"start":{"line":60,"column":24},"end":{"line":60,"column":null}},"13":{"start":{"line":62,"column":17},"end":{"line":71,"column":null}},"14":{"start":{"line":64,"column":15},"end":{"line":64,"column":null}},"15":{"start":{"line":73,"column":0},"end":{"line":73,"column":null}},"16":{"start":{"line":75,"column":18},"end":{"line":82,"column":null}},"17":{"start":{"line":79,"column":32},"end":{"line":79,"column":null}},"18":{"start":{"line":83,"column":0},"end":{"line":83,"column":null}},"19":{"start":{"line":85,"column":20},"end":{"line":98,"column":null}},"20":{"start":{"line":87,"column":68},"end":{"line":87,"column":null}},"21":{"start":{"line":100,"column":0},"end":{"line":100,"column":null}},"22":{"start":{"line":102,"column":24},"end":{"line":107,"column":null}},"23":{"start":{"line":104,"column":34},"end":{"line":104,"column":null}},"24":{"start":{"line":109,"column":0},"end":{"line":109,"column":null}},"25":{"start":{"line":111,"column":20},"end":{"line":125,"column":null}},"26":{"start":{"line":113,"column":37},"end":{"line":113,"column":null}},"27":{"start":{"line":114,"column":17},"end":{"line":114,"column":null}},"28":{"start":{"line":116,"column":4},"end":{"line":118,"column":null}},"29":{"start":{"line":117,"column":6},"end":{"line":117,"column":null}},"30":{"start":{"line":127,"column":0},"end":{"line":127,"column":null}}},"fnMap":{"0":{"name":"(anonymous_0)","decl":{"start":{"line":20,"column":18},"end":{"line":20,"column":null}},"loc":{"start":{"line":25,"column":39},"end":{"line":31,"column":null}},"line":25},"1":{"name":"(anonymous_1)","decl":{"start":{"line":33,"column":21},"end":{"line":33,"column":null}},"loc":{"start":{"line":33,"column":21},"end":{"line":54,"column":null}},"line":33},"2":{"name":"(anonymous_2)","decl":{"start":{"line":63,"column":2},"end":{"line":63,"column":3}},"loc":{"start":{"line":63,"column":28},"end":{"line":71,"column":null}},"line":63},"3":{"name":"(anonymous_3)","decl":{"start":{"line":78,"column":2},"end":{"line":78,"column":3}},"loc":{"start":{"line":78,"column":28},"end":{"line":82,"column":null}},"line":78},"4":{"name":"(anonymous_4)","decl":{"start":{"line":86,"column":2},"end":{"line":86,"column":3}},"loc":{"start":{"line":86,"column":17},"end":{"line":98,"column":null}},"line":86},"5":{"name":"(anonymous_5)","decl":{"start":{"line":103,"column":2},"end":{"line":103,"column":3}},"loc":{"start":{"line":103,"column":28},"end":{"line":107,"column":null}},"line":103},"6":{"name":"(anonymous_6)","decl":{"start":{"line":112,"column":2},"end":{"line":112,"column":3}},"loc":{"start":{"line":112,"column":38},"end":{"line":125,"column":null}},"line":112}},"branchMap":{"0":{"loc":{"start":{"line":40,"column":2},"end":{"line":42,"column":null}},"type":"if","locations":[{"start":{"line":40,"column":2},"end":{"line":42,"column":null}},{"start":{},"end":{}}],"line":40},"1":{"loc":{"start":{"line":81,"column":40},"end":{"line":81,"column":69}},"type":"binary-expr","locations":[{"start":{"line":81,"column":40},"end":{"line":81,"column":49}},{"start":{"line":81,"column":49},"end":{"line":81,"column":69}}],"line":81},"2":{"loc":{"start":{"line":93,"column":26},"end":{"line":93,"column":99}},"type":"cond-expr","locations":[{"start":{"line":93,"column":35},"end":{"line":93,"column":57}},{"start":{"line":93,"column":60},"end":{"line":93,"column":99}}],"line":93},"3":{"loc":{"start":{"line":114,"column":17},"end":{"line":114,"column":null}},"type":"cond-expr","locations":[{"start":{"line":114,"column":25},"end":{"line":114,"column":50}},{"start":{"line":114,"column":50},"end":{"line":114,"column":null}}],"line":114},"4":{"loc":{"start":{"line":116,"column":4},"end":{"line":118,"column":null}},"type":"if","locations":[{"start":{"line":116,"column":4},"end":{"line":118,"column":null}},{"start":{},"end":{}}],"line":116}},"s":{"0":1,"1":1,"2":1,"3":1,"4":280,"5":280,"6":280,"7":280,"8":280,"9":0,"10":280,"11":280,"12":1,"13":1,"14":99,"15":1,"16":1,"17":98,"18":1,"19":1,"20":98,"21":1,"22":1,"23":0,"24":1,"25":1,"26":84,"27":84,"28":84,"29":83,"30":1},"f":{"0":99,"1":280,"2":99,"3":98,"4":98,"5":0,"6":84},"b":{"0":[0,280],"1":[98,1],"2":[97,1],"3":[1,83],"4":[83,1]},"meta":{"lastBranch":5,"lastFunction":7,"lastStatement":31,"seen":{"s:9:13:9:Infinity":0,"s:18:25:18:Infinity":1,"s:20:18:31:Infinity":2,"f:20:18:20:Infinity":0,"s:33:21:54:Infinity":3,"f:33:21:33:Infinity":1,"s:34:23:34:Infinity":4,"s:35:22:35:Infinity":5,"s:36:36:36:Infinity":6,"s:38:21:38:Infinity":7,"b:40:2:42:Infinity:undefined:undefined:undefined:undefined":0,"s:40:2:42:Infinity":8,"s:41:4:41:Infinity":9,"s:44:17:44:Infinity":10,"s:46:2:53:Infinity":11,"s:60:24:60:Infinity":12,"s:62:17:71:Infinity":13,"f:63:2:63:3":2,"s:64:15:64:Infinity":14,"s:73:0:73:Infinity":15,"s:75:18:82:Infinity":16,"f:78:2:78:3":3,"s:79:32:79:Infinity":17,"b:81:40:81:49:81:49:81:69":1,"s:83:0:83:Infinity":18,"s:85:20:98:Infinity":19,"f:86:2:86:3":4,"s:87:68:87:Infinity":20,"b:93:35:93:57:93:60:93:99":2,"s:100:0:100:Infinity":21,"s:102:24:107:Infinity":22,"f:103:2:103:3":5,"s:104:34:104:Infinity":23,"s:109:0:109:Infinity":24,"s:111:20:125:Infinity":25,"f:112:2:112:3":6,"s:113:37:113:Infinity":26,"s:114:17:114:Infinity":27,"b:114:25:114:50:114:50:114:Infinity":3,"b:116:4:118:Infinity:undefined:undefined:undefined:undefined":4,"s:116:4:118:Infinity":28,"s:117:6:117:Infinity":29,"s:127:0:127:Infinity":30}}}
,"C:\\Users\\Kuma\\Documents\\IMAScontrol\\expense-manager-imas-main\\src\\components\\ui\\input.tsx": {"path":"C:\\Users\\Kuma\\Documents\\IMAScontrol\\expense-manager-imas-main\\src\\components\\ui\\input.tsx","statementMap":{"0":{"start":{"line":5,"column":14},"end":{"line":18,"column":null}},"1":{"start":{"line":20,"column":0},"end":{"line":20,"column":null}}},"fnMap":{"0":{"name":"(anonymous_0)","decl":{"start":{"line":6,"column":2},"end":{"line":6,"column":3}},"loc":{"start":{"line":6,"column":34},"end":{"line":18,"column":null}},"line":6}},"branchMap":{},"s":{"0":1,"1":1},"f":{"0":49},"b":{},"meta":{"lastBranch":0,"lastFunction":1,"lastStatement":2,"seen":{"s:5:14:18:Infinity":0,"f:6:2:6:3":0,"s:20:0:20:Infinity":1}}}
,"C:\\Users\\Kuma\\Documents\\IMAScontrol\\expense-manager-imas-main\\src\\components\\ui\\label.tsx": {"path":"C:\\Users\\Kuma\\Documents\\IMAScontrol\\expense-manager-imas-main\\src\\components\\ui\\label.tsx","statementMap":{"0":{"start":{"line":7,"column":6},"end":{"line":7,"column":null}},"1":{"start":{"line":15,"column":0},"end":{"line":15,"column":null}}},"fnMap":{},"branchMap":{},"s":{"0":1,"1":1},"f":{},"b":{},"meta":{"lastBranch":0,"lastFunction":0,"lastStatement":2,"seen":{"s:7:6:7:Infinity":0,"s:15:0:15:Infinity":1}}}
,"C:\\Users\\Kuma\\Documents\\IMAScontrol\\expense-manager-imas-main\\src\\components\\ui\\select.tsx": {"path":"C:\\Users\\Kuma\\Documents\\IMAScontrol\\expense-manager-imas-main\\src\\components\\ui\\select.tsx","statementMap":{"0":{"start":{"line":7,"column":15},"end":{"line":7,"column":35}},"1":{"start":{"line":9,"column":20},"end":{"line":9,"column":41}},"2":{"start":{"line":11,"column":20},"end":{"line":11,"column":41}},"3":{"start":{"line":31,"column":0},"end":{"line":31,"column":null}},"4":{"start":{"line":45,"column":0},"end":{"line":45,"column":null}},"5":{"start":{"line":59,"column":0},"end":{"line":59,"column":null}},"6":{"start":{"line":91,"column":0},"end":{"line":91,"column":null}},"7":{"start":{"line":99,"column":0},"end":{"line":99,"column":null}},"8":{"start":{"line":122,"column":0},"end":{"line":122,"column":null}},"9":{"start":{"line":130,"column":0},"end":{"line":130,"column":null}}},"fnMap":{},"branchMap":{"0":{"loc":{"start":{"line":64,"column":26},"end":{"line":64,"column":45}},"type":"default-arg","locations":[{"start":{"line":64,"column":37},"end":{"line":64,"column":45}}],"line":64},"1":{"loc":{"start":{"line":70,"column":8},"end":{"line":71,"column":null}},"type":"binary-expr","locations":[{"start":{"line":70,"column":8},"end":{"line":70,"column":null}},{"start":{"line":71,"column":10},"end":{"line":71,"column":null}}],"line":70},"2":{"loc":{"start":{"line":81,"column":10},"end":{"line":82,"column":null}},"type":"binary-expr","locations":[{"start":{"line":81,"column":10},"end":{"line":81,"column":null}},{"start":{"line":82,"column":12},"end":{"line":82,"column":null}}],"line":81}},"s":{"0":1,"1":1,"2":1,"3":1,"4":1,"5":1,"6":1,"7":1,"8":1,"9":1},"f":{},"b":{"0":[29],"1":[29,28],"2":[29,28]},"meta":{"lastBranch":3,"lastFunction":0,"lastStatement":10,"seen":{"s:7:15:7:35":0,"s:9:20:9:41":1,"s:11:20:11:41":2,"s:31:0:31:Infinity":3,"s:45:0:45:Infinity":4,"s:59:0:59:Infinity":5,"b:64:37:64:45":0,"b:70:8:70:Infinity:71:10:71:Infinity":1,"b:81:10:81:Infinity:82:12:82:Infinity":2,"s:91:0:91:Infinity":6,"s:99:0:99:Infinity":7,"s:122:0:122:Infinity":8,"s:130:0:130:Infinity":9}}}
,"C:\\Users\\Kuma\\Documents\\IMAScontrol\\expense-manager-imas-main\\src\\components\\ui\\textarea.tsx": {"path":"C:\\Users\\Kuma\\Documents\\IMAScontrol\\expense-manager-imas-main\\src\\components\\ui\\textarea.tsx","statementMap":{"0":{"start":{"line":7,"column":17},"end":{"line":18,"column":null}},"1":{"start":{"line":19,"column":0},"end":{"line":19,"column":null}}},"fnMap":{"0":{"name":"(anonymous_0)","decl":{"start":{"line":7,"column":70},"end":{"line":7,"column":71}},"loc":{"start":{"line":7,"column":96},"end":{"line":18,"column":null}},"line":7}},"branchMap":{},"s":{"0":1,"1":1},"f":{"0":21},"b":{},"meta":{"lastBranch":0,"lastFunction":1,"lastStatement":2,"seen":{"s:7:17:18:Infinity":0,"f:7:70:7:71":0,"s:19:0:19:Infinity":1}}}
,"C:\\Users\\Kuma\\Documents\\IMAScontrol\\expense-manager-imas-main\\src\\hooks\\useContracts.ts": {"path":"C:\\Users\\Kuma\\Documents\\IMAScontrol\\expense-manager-imas-main\\src\\hooks\\useContracts.ts","statementMap":{"0":{"start":{"line":7,"column":19},"end":{"line":7,"column":null}},"1":{"start":{"line":8,"column":10},"end":{"line":8,"column":null}},"2":{"start":{"line":19,"column":5},"end":{"line":30,"column":null}},"3":{"start":{"line":22,"column":35},"end":{"line":22,"column":46}},"4":{"start":{"line":23,"column":43},"end":{"line":23,"column":null}},"5":{"start":{"line":24,"column":12},"end":{"line":24,"column":null}},"6":{"start":{"line":24,"column":23},"end":{"line":24,"column":null}},"7":{"start":{"line":25,"column":12},"end":{"line":25,"column":null}},"8":{"start":{"line":28,"column":40},"end":{"line":28,"column":57}},"9":{"start":{"line":32,"column":22},"end":{"line":32,"column":74}},"10":{"start":{"line":32,"column":52},"end":{"line":32,"column":67}},"11":{"start":{"line":33,"column":23},"end":{"line":33,"column":null}},"12":{"start":{"line":35,"column":10},"end":{"line":51,"column":null}},"13":{"start":{"line":38,"column":12},"end":{"line":38,"column":null}},"14":{"start":{"line":39,"column":12},"end":{"line":42,"column":null}},"15":{"start":{"line":45,"column":12},"end":{"line":49,"column":null}},"16":{"start":{"line":53,"column":10},"end":{"line":69,"column":null}},"17":{"start":{"line":56,"column":12},"end":{"line":56,"column":null}},"18":{"start":{"line":57,"column":12},"end":{"line":60,"column":null}},"19":{"start":{"line":63,"column":12},"end":{"line":67,"column":null}},"20":{"start":{"line":71,"column":4},"end":{"line":80,"column":null}},"21":{"start":{"line":77,"column":24},"end":{"line":77,"column":null}}},"fnMap":{"0":{"name":"useContracts","decl":{"start":{"line":6,"column":16},"end":{"line":6,"column":29}},"loc":{"start":{"line":6,"column":42},"end":{"line":81,"column":null}},"line":6},"1":{"name":"(anonymous_1)","decl":{"start":{"line":21,"column":17},"end":{"line":21,"column":24}},"loc":{"start":{"line":21,"column":51},"end":{"line":26,"column":null}},"line":21},"2":{"name":"(anonymous_2)","decl":{"start":{"line":28,"column":26},"end":{"line":28,"column":27}},"loc":{"start":{"line":28,"column":40},"end":{"line":28,"column":57}},"line":28},"3":{"name":"(anonymous_3)","decl":{"start":{"line":32,"column":42},"end":{"line":32,"column":43}},"loc":{"start":{"line":32,"column":52},"end":{"line":32,"column":67}},"line":32},"4":{"name":"(anonymous_4)","decl":{"start":{"line":37,"column":19},"end":{"line":37,"column":null}},"loc":{"start":{"line":37,"column":19},"end":{"line":43,"column":null}},"line":37},"5":{"name":"(anonymous_5)","decl":{"start":{"line":44,"column":17},"end":{"line":44,"column":18}},"loc":{"start":{"line":44,"column":18},"end":{"line":50,"column":null}},"line":44},"6":{"name":"(anonymous_6)","decl":{"start":{"line":55,"column":19},"end":{"line":55,"column":null}},"loc":{"start":{"line":55,"column":19},"end":{"line":61,"column":null}},"line":55},"7":{"name":"(anonymous_7)","decl":{"start":{"line":62,"column":17},"end":{"line":62,"column":18}},"loc":{"start":{"line":62,"column":18},"end":{"line":68,"column":null}},"line":62},"8":{"name":"(anonymous_8)","decl":{"start":{"line":77,"column":18},"end":{"line":77,"column":24}},"loc":{"start":{"line":77,"column":24},"end":{"line":77,"column":null}},"line":77}},"branchMap":{"0":{"loc":{"start":{"line":21,"column":26},"end":{"line":21,"column":39}},"type":"default-arg","locations":[{"start":{"line":21,"column":38},"end":{"line":21,"column":39}}],"line":21},"1":{"loc":{"start":{"line":24,"column":12},"end":{"line":24,"column":null}},"type":"if","locations":[{"start":{"line":24,"column":12},"end":{"line":24,"column":null}},{"start":{},"end":{}}],"line":24},"2":{"loc":{"start":{"line":25,"column":44},"end":{"line":25,"column":101}},"type":"cond-expr","locations":[{"start":{"line":25,"column":75},"end":{"line":25,"column":91}},{"start":{"line":25,"column":91},"end":{"line":25,"column":101}}],"line":25},"3":{"loc":{"start":{"line":25,"column":44},"end":{"line":25,"column":75}},"type":"binary-expr","locations":[{"start":{"line":25,"column":44},"end":{"line":25,"column":45}},{"start":{"line":25,"column":53},"end":{"line":25,"column":75}}],"line":25},"4":{"loc":{"start":{"line":32,"column":22},"end":{"line":32,"column":74}},"type":"binary-expr","locations":[{"start":{"line":32,"column":22},"end":{"line":32,"column":72}},{"start":{"line":32,"column":72},"end":{"line":32,"column":74}}],"line":32},"5":{"loc":{"start":{"line":32,"column":52},"end":{"line":32,"column":67}},"type":"binary-expr","locations":[{"start":{"line":32,"column":52},"end":{"line":32,"column":61}},{"start":{"line":32,"column":65},"end":{"line":32,"column":67}}],"line":32},"6":{"loc":{"start":{"line":33,"column":23},"end":{"line":33,"column":null}},"type":"binary-expr","locations":[{"start":{"line":33,"column":23},"end":{"line":33,"column":48}},{"start":{"line":33,"column":48},"end":{"line":33,"column":null}}],"line":33}},"s":{"0":3,"1":3,"2":3,"3":2,"4":2,"5":2,"6":1,"7":1,"8":3,"9":3,"10":1,"11":3,"12":3,"13":0,"14":0,"15":0,"16":3,"17":0,"18":0,"19":0,"20":3,"21":0},"f":{"0":3,"1":2,"2":3,"3":1,"4":0,"5":0,"6":0,"7":0,"8":0},"b":{"0":[2],"1":[1,1],"2":[0,1],"3":[1,1],"4":[3,2],"5":[1,0],"6":[3,2]},"meta":{"lastBranch":7,"lastFunction":9,"lastStatement":22,"seen":{"f:6:16:6:29":0,"s:7:19:7:Infinity":0,"s:8:10:8:Infinity":1,"s:19:5:30:Infinity":2,"f:21:17:21:24":1,"b:21:38:21:39":0,"s:22:35:22:46":3,"s:23:43:23:Infinity":4,"b:24:12:24:Infinity:undefined:undefined:undefined:undefined":1,"s:24:12:24:Infinity":5,"s:24:23:24:Infinity":6,"s:25:12:25:Infinity":7,"b:25:75:25:91:25:91:25:101":2,"b:25:44:25:45:25:53:25:75":3,"f:28:26:28:27":2,"s:28:40:28:57":8,"s:32:22:32:74":9,"b:32:22:32:72:32:72:32:74":4,"f:32:42:32:43":3,"s:32:52:32:67":10,"b:32:52:32:61:32:65:32:67":5,"s:33:23:33:Infinity":11,"b:33:23:33:48:33:48:33:Infinity":6,"s:35:10:51:Infinity":12,"f:37:19:37:Infinity":4,"s:38:12:38:Infinity":13,"s:39:12:42:Infinity":14,"f:44:17:44:18":5,"s:45:12:49:Infinity":15,"s:53:10:69:Infinity":16,"f:55:19:55:Infinity":6,"s:56:12:56:Infinity":17,"s:57:12:60:Infinity":18,"f:62:17:62:18":7,"s:63:12:67:Infinity":19,"s:71:4:80:Infinity":20,"f:77:18:77:24":8,"s:77:24:77:Infinity":21}}}
,"C:\\Users\\Kuma\\Documents\\IMAScontrol\\expense-manager-imas-main\\src\\lib\\calculations.ts": {"path":"C:\\Users\\Kuma\\Documents\\IMAScontrol\\expense-manager-imas-main\\src\\lib\\calculations.ts","statementMap":{"0":{"start":{"line":6,"column":4},"end":{"line":6,"column":null}},"1":{"start":{"line":13,"column":4},"end":{"line":13,"column":null}},"2":{"start":{"line":13,"column":31},"end":{"line":13,"column":null}},"3":{"start":{"line":14,"column":4},"end":{"line":14,"column":null}},"4":{"start":{"line":21,"column":4},"end":{"line":21,"column":null}},"5":{"start":{"line":28,"column":4},"end":{"line":28,"column":null}},"6":{"start":{"line":28,"column":31},"end":{"line":28,"column":null}},"7":{"start":{"line":29,"column":4},"end":{"line":29,"column":null}}},"fnMap":{"0":{"name":"calculateCreditReal","decl":{"start":{"line":1,"column":16},"end":{"line":1,"column":null}},"loc":{"start":{"line":4,"column":27},"end":{"line":7,"column":null}},"line":4},"1":{"name":"calculatePercentageModified","decl":{"start":{"line":9,"column":16},"end":{"line":9,"column":null}},"loc":{"start":{"line":11,"column":27},"end":{"line":15,"column":null}},"line":11},"2":{"name":"calculateTotalInvoice","decl":{"start":{"line":17,"column":16},"end":{"line":17,"column":null}},"loc":{"start":{"line":19,"column":21},"end":{"line":22,"column":null}},"line":19},"3":{"name":"calculateExecutionPercentage","decl":{"start":{"line":24,"column":16},"end":{"line":24,"column":null}},"loc":{"start":{"line":26,"column":27},"end":{"line":30,"column":null}},"line":26}},"branchMap":{"0":{"loc":{"start":{"line":13,"column":4},"end":{"line":13,"column":null}},"type":"if","locations":[{"start":{"line":13,"column":4},"end":{"line":13,"column":null}},{"start":{},"end":{}}],"line":13},"1":{"loc":{"start":{"line":28,"column":4},"end":{"line":28,"column":null}},"type":"if","locations":[{"start":{"line":28,"column":4},"end":{"line":28,"column":null}},{"start":{},"end":{}}],"line":28}},"s":{"0":6,"1":0,"2":0,"3":0,"4":0,"5":5,"6":1,"7":4},"f":{"0":6,"1":0,"2":0,"3":5},"b":{"0":[0,0],"1":[1,4]},"meta":{"lastBranch":2,"lastFunction":4,"lastStatement":8,"seen":{"f:1:16:1:Infinity":0,"s:6:4:6:Infinity":0,"f:9:16:9:Infinity":1,"b:13:4:13:Infinity:undefined:undefined:undefined:undefined":0,"s:13:4:13:Infinity":1,"s:13:31:13:Infinity":2,"s:14:4:14:Infinity":3,"f:17:16:17:Infinity":2,"s:21:4:21:Infinity":4,"f:24:16:24:Infinity":3,"b:28:4:28:Infinity:undefined:undefined:undefined:undefined":1,"s:28:4:28:Infinity":5,"s:28:31:28:Infinity":6,"s:29:4:29:Infinity":7}}}
,"C:\\Users\\Kuma\\Documents\\IMAScontrol\\expense-manager-imas-main\\src\\lib\\constants.ts": {"path":"C:\\Users\\Kuma\\Documents\\IMAScontrol\\expense-manager-imas-main\\src\\lib\\constants.ts","statementMap":{"0":{"start":{"line":1,"column":34},"end":{"line":15,"column":null}},"1":{"start":{"line":17,"column":32},"end":{"line":21,"column":null}},"2":{"start":{"line":23,"column":30},"end":{"line":28,"column":null}},"3":{"start":{"line":30,"column":32},"end":{"line":36,"column":null}},"4":{"start":{"line":38,"column":32},"end":{"line":44,"column":null}}},"fnMap":{},"branchMap":{},"s":{"0":1,"1":1,"2":1,"3":1,"4":1},"f":{},"b":{},"meta":{"lastBranch":0,"lastFunction":0,"lastStatement":5,"seen":{"s:1:34:15:Infinity":0,"s:17:32:21:Infinity":1,"s:23:30:28:Infinity":2,"s:30:32:36:Infinity":3,"s:38:32:44:Infinity":4}}}
,"C:\\Users\\Kuma\\Documents\\IMAScontrol\\expense-manager-imas-main\\src\\lib\\contractService.ts": {"path":"C:\\Users\\Kuma\\Documents\\IMAScontrol\\expense-manager-imas-main\\src\\lib\\contractService.ts","statementMap":{"0":{"start":{"line":12,"column":28},"end":{"line":153,"column":null}},"1":{"start":{"line":13,"column":2},"end":{"line":152,"column":null}},"2":{"start":{"line":14,"column":16},"end":{"line":38,"column":null}},"3":{"start":{"line":41,"column":4},"end":{"line":45,"column":null}},"4":{"start":{"line":42,"column":25},"end":{"line":42,"column":39}},"5":{"start":{"line":44,"column":6},"end":{"line":44,"column":null}},"6":{"start":{"line":48,"column":4},"end":{"line":50,"column":null}},"7":{"start":{"line":49,"column":6},"end":{"line":49,"column":null}},"8":{"start":{"line":53,"column":4},"end":{"line":55,"column":null}},"9":{"start":{"line":54,"column":6},"end":{"line":54,"column":null}},"10":{"start":{"line":58,"column":4},"end":{"line":60,"column":null}},"11":{"start":{"line":59,"column":6},"end":{"line":59,"column":null}},"12":{"start":{"line":63,"column":4},"end":{"line":65,"column":null}},"13":{"start":{"line":64,"column":6},"end":{"line":64,"column":null}},"14":{"start":{"line":68,"column":17},"end":{"line":68,"column":null}},"15":{"start":{"line":69,"column":15},"end":{"line":69,"column":null}},"16":{"start":{"line":70,"column":4},"end":{"line":70,"column":null}},"17":{"start":{"line":72,"column":35},"end":{"line":72,"column":null}},"18":{"start":{"line":74,"column":4},"end":{"line":74,"column":null}},"19":{"start":{"line":74,"column":15},"end":{"line":74,"column":null}},"20":{"start":{"line":77,"column":24},"end":{"line":88,"column":null}},"21":{"start":{"line":77,"column":54},"end":{"line":88,"column":null}},"22":{"start":{"line":79,"column":46},"end":{"line":87,"column":null}},"23":{"start":{"line":82,"column":40},"end":{"line":82,"column":null}},"24":{"start":{"line":92,"column":4},"end":{"line":146,"column":null}},"25":{"start":{"line":93,"column":20},"end":{"line":93,"column":41}},"26":{"start":{"line":95,"column":30},"end":{"line":109,"column":null}},"27":{"start":{"line":96,"column":8},"end":{"line":96,"column":null}},"28":{"start":{"line":96,"column":28},"end":{"line":96,"column":null}},"29":{"start":{"line":97,"column":26},"end":{"line":97,"column":null}},"30":{"start":{"line":98,"column":24},"end":{"line":98,"column":null}},"31":{"start":{"line":99,"column":26},"end":{"line":99,"column":null}},"32":{"start":{"line":100,"column":24},"end":{"line":100,"column":null}},"33":{"start":{"line":102,"column":8},"end":{"line":102,"column":null}},"34":{"start":{"line":102,"column":36},"end":{"line":102,"column":null}},"35":{"start":{"line":104,"column":8},"end":{"line":108,"column":null}},"36":{"start":{"line":105,"column":10},"end":{"line":105,"column":null}},"37":{"start":{"line":105,"column":45},"end":{"line":105,"column":null}},"38":{"start":{"line":106,"column":10},"end":{"line":106,"column":null}},"39":{"start":{"line":106,"column":41},"end":{"line":106,"column":null}},"40":{"start":{"line":107,"column":10},"end":{"line":107,"column":null}},"41":{"start":{"line":111,"column":6},"end":{"line":145,"column":null}},"42":{"start":{"line":113,"column":8},"end":{"line":141,"column":null}},"43":{"start":{"line":115,"column":10},"end":{"line":127,"column":null}},"44":{"start":{"line":117,"column":12},"end":{"line":122,"column":null}},"45":{"start":{"line":118,"column":14},"end":{"line":121,"column":null}},"46":{"start":{"line":119,"column":36},"end":{"line":119,"column":null}},"47":{"start":{"line":120,"column":16},"end":{"line":120,"column":null}},"48":{"start":{"line":124,"column":31},"end":{"line":124,"column":null}},"49":{"start":{"line":125,"column":32},"end":{"line":125,"column":null}},"50":{"start":{"line":126,"column":12},"end":{"line":126,"column":null}},"51":{"start":{"line":130,"column":10},"end":{"line":137,"column":null}},"52":{"start":{"line":131,"column":12},"end":{"line":133,"column":null}},"53":{"start":{"line":132,"column":44},"end":{"line":132,"column":null}},"54":{"start":{"line":136,"column":12},"end":{"line":136,"column":null}},"55":{"start":{"line":139,"column":27},"end":{"line":139,"column":null}},"56":{"start":{"line":140,"column":10},"end":{"line":140,"column":null}},"57":{"start":{"line":143,"column":30},"end":{"line":143,"column":null}},"58":{"start":{"line":144,"column":8},"end":{"line":144,"column":null}},"59":{"start":{"line":148,"column":4},"end":{"line":148,"column":null}},"60":{"start":{"line":150,"column":4},"end":{"line":150,"column":null}},"61":{"start":{"line":151,"column":4},"end":{"line":151,"column":null}},"62":{"start":{"line":155,"column":31},"end":{"line":269,"column":null}},"63":{"start":{"line":156,"column":2},"end":{"line":268,"column":null}},"64":{"start":{"line":157,"column":28},"end":{"line":184,"column":null}},"65":{"start":{"line":186,"column":4},"end":{"line":186,"column":null}},"66":{"start":{"line":186,"column":15},"end":{"line":186,"column":null}},"67":{"start":{"line":189,"column":28},"end":{"line":210,"column":null}},"68":{"start":{"line":191,"column":51},"end":{"line":191,"column":69}},"69":{"start":{"line":192,"column":55},"end":{"line":192,"column":75}},"70":{"start":{"line":193,"column":60},"end":{"line":193,"column":69}},"71":{"start":{"line":194,"column":42},"end":{"line":209,"column":null}},"72":{"start":{"line":197,"column":40},"end":{"line":197,"column":null}},"73":{"start":{"line":200,"column":52},"end":{"line":206,"column":null}},"74":{"start":{"line":202,"column":60},"end":{"line":205,"column":null}},"75":{"start":{"line":213,"column":4},"end":{"line":262,"column":null}},"76":{"start":{"line":214,"column":20},"end":{"line":214,"column":41}},"77":{"start":{"line":216,"column":30},"end":{"line":230,"column":null}},"78":{"start":{"line":217,"column":8},"end":{"line":217,"column":null}},"79":{"start":{"line":217,"column":28},"end":{"line":217,"column":null}},"80":{"start":{"line":218,"column":26},"end":{"line":218,"column":null}},"81":{"start":{"line":219,"column":24},"end":{"line":219,"column":null}},"82":{"start":{"line":220,"column":26},"end":{"line":220,"column":null}},"83":{"start":{"line":221,"column":24},"end":{"line":221,"column":null}},"84":{"start":{"line":223,"column":8},"end":{"line":223,"column":null}},"85":{"start":{"line":223,"column":36},"end":{"line":223,"column":null}},"86":{"start":{"line":225,"column":8},"end":{"line":229,"column":null}},"87":{"start":{"line":226,"column":10},"end":{"line":226,"column":null}},"88":{"start":{"line":226,"column":45},"end":{"line":226,"column":null}},"89":{"start":{"line":227,"column":10},"end":{"line":227,"column":null}},"90":{"start":{"line":227,"column":41},"end":{"line":227,"column":null}},"91":{"start":{"line":228,"column":10},"end":{"line":228,"column":null}},"92":{"start":{"line":233,"column":6},"end":{"line":261,"column":null}},"93":{"start":{"line":235,"column":8},"end":{"line":247,"column":null}},"94":{"start":{"line":237,"column":10},"end":{"line":242,"column":null}},"95":{"start":{"line":238,"column":12},"end":{"line":241,"column":null}},"96":{"start":{"line":239,"column":34},"end":{"line":239,"column":null}},"97":{"start":{"line":240,"column":14},"end":{"line":240,"column":null}},"98":{"start":{"line":244,"column":29},"end":{"line":244,"column":null}},"99":{"start":{"line":245,"column":30},"end":{"line":245,"column":null}},"100":{"start":{"line":246,"column":10},"end":{"line":246,"column":null}},"101":{"start":{"line":250,"column":8},"end":{"line":257,"column":null}},"102":{"start":{"line":251,"column":10},"end":{"line":253,"column":null}},"103":{"start":{"line":252,"column":42},"end":{"line":252,"column":null}},"104":{"start":{"line":256,"column":10},"end":{"line":256,"column":null}},"105":{"start":{"line":259,"column":25},"end":{"line":259,"column":null}},"106":{"start":{"line":260,"column":8},"end":{"line":260,"column":null}},"107":{"start":{"line":264,"column":4},"end":{"line":264,"column":null}},"108":{"start":{"line":266,"column":4},"end":{"line":266,"column":null}},"109":{"start":{"line":267,"column":4},"end":{"line":267,"column":null}},"110":{"start":{"line":271,"column":30},"end":{"line":365,"column":null}},"111":{"start":{"line":272,"column":2},"end":{"line":364,"column":null}},"112":{"start":{"line":273,"column":50},"end":{"line":273,"column":null}},"113":{"start":{"line":276,"column":56},"end":{"line":280,"column":null}},"114":{"start":{"line":282,"column":4},"end":{"line":282,"column":null}},"115":{"start":{"line":282,"column":23},"end":{"line":282,"column":null}},"116":{"start":{"line":285,"column":4},"end":{"line":296,"column":null}},"117":{"start":{"line":286,"column":31},"end":{"line":289,"column":null}},"118":{"start":{"line":286,"column":62},"end":{"line":289,"column":null}},"119":{"start":{"line":291,"column":36},"end":{"line":293,"column":null}},"120":{"start":{"line":295,"column":6},"end":{"line":295,"column":null}},"121":{"start":{"line":295,"column":22},"end":{"line":295,"column":null}},"122":{"start":{"line":299,"column":4},"end":{"line":310,"column":null}},"123":{"start":{"line":300,"column":33},"end":{"line":303,"column":null}},"124":{"start":{"line":300,"column":68},"end":{"line":303,"column":null}},"125":{"start":{"line":305,"column":38},"end":{"line":307,"column":null}},"126":{"start":{"line":309,"column":6},"end":{"line":309,"column":null}},"127":{"start":{"line":309,"column":24},"end":{"line":309,"column":null}},"128":{"start":{"line":313,"column":4},"end":{"line":358,"column":null}},"129":{"start":{"line":314,"column":27},"end":{"line":351,"column":null}},"130":{"start":{"line":317,"column":25},"end":{"line":317,"column":null}},"131":{"start":{"line":318,"column":27},"end":{"line":318,"column":null}},"132":{"start":{"line":319,"column":24},"end":{"line":319,"column":null}},"133":{"start":{"line":321,"column":8},"end":{"line":332,"column":null}},"134":{"start":{"line":323,"column":36},"end":{"line":327,"column":null}},"135":{"start":{"line":329,"column":10},"end":{"line":331,"column":null}},"136":{"start":{"line":330,"column":12},"end":{"line":330,"column":null}},"137":{"start":{"line":334,"column":8},"end":{"line":350,"column":null}},"138":{"start":{"line":353,"column":35},"end":{"line":355,"column":null}},"139":{"start":{"line":357,"column":6},"end":{"line":357,"column":null}},"140":{"start":{"line":357,"column":21},"end":{"line":357,"column":null}},"141":{"start":{"line":360,"column":4},"end":{"line":360,"column":null}},"142":{"start":{"line":362,"column":4},"end":{"line":362,"column":null}},"143":{"start":{"line":363,"column":4},"end":{"line":363,"column":null}},"144":{"start":{"line":367,"column":30},"end":{"line":378,"column":null}},"145":{"start":{"line":368,"column":2},"end":{"line":377,"column":null}},"146":{"start":{"line":369,"column":22},"end":{"line":369,"column":null}},"147":{"start":{"line":371,"column":4},"end":{"line":371,"column":null}},"148":{"start":{"line":371,"column":15},"end":{"line":371,"column":null}},"149":{"start":{"line":373,"column":4},"end":{"line":373,"column":null}},"150":{"start":{"line":375,"column":4},"end":{"line":375,"column":null}},"151":{"start":{"line":376,"column":4},"end":{"line":376,"column":null}},"152":{"start":{"line":380,"column":30},"end":{"line":401,"column":null}},"153":{"start":{"line":381,"column":2},"end":{"line":400,"column":null}},"154":{"start":{"line":382,"column":20},"end":{"line":388,"column":null}},"155":{"start":{"line":382,"column":73},"end":{"line":388,"column":null}},"156":{"start":{"line":390,"column":22},"end":{"line":392,"column":null}},"157":{"start":{"line":394,"column":4},"end":{"line":394,"column":null}},"158":{"start":{"line":394,"column":15},"end":{"line":394,"column":null}},"159":{"start":{"line":396,"column":4},"end":{"line":396,"column":null}},"160":{"start":{"line":398,"column":4},"end":{"line":398,"column":null}},"161":{"start":{"line":399,"column":4},"end":{"line":399,"column":null}}},"fnMap":{"0":{"name":"(anonymous_0)","decl":{"start":{"line":12,"column":28},"end":{"line":12,"column":35}},"loc":{"start":{"line":12,"column":85},"end":{"line":153,"column":null}},"line":12},"1":{"name":"(anonymous_1)","decl":{"start":{"line":77,"column":34},"end":{"line":77,"column":35}},"loc":{"start":{"line":77,"column":54},"end":{"line":88,"column":null}},"line":77},"2":{"name":"(anonymous_2)","decl":{"start":{"line":79,"column":31},"end":{"line":79,"column":32}},"loc":{"start":{"line":79,"column":46},"end":{"line":87,"column":null}},"line":79},"3":{"name":"(anonymous_3)","decl":{"start":{"line":82,"column":10},"end":{"line":82,"column":11}},"loc":{"start":{"line":82,"column":40},"end":{"line":82,"column":null}},"line":82},"4":{"name":"(anonymous_4)","decl":{"start":{"line":95,"column":30},"end":{"line":95,"column":31}},"loc":{"start":{"line":95,"column":47},"end":{"line":109,"column":null}},"line":95},"5":{"name":"(anonymous_5)","decl":{"start":{"line":104,"column":26},"end":{"line":104,"column":null}},"loc":{"start":{"line":104,"column":26},"end":{"line":108,"column":null}},"line":104},"6":{"name":"(anonymous_6)","decl":{"start":{"line":111,"column":44},"end":{"line":111,"column":45}},"loc":{"start":{"line":111,"column":45},"end":{"line":145,"column":null}},"line":111},"7":{"name":"(anonymous_7)","decl":{"start":{"line":113,"column":46},"end":{"line":113,"column":47}},"loc":{"start":{"line":113,"column":47},"end":{"line":141,"column":null}},"line":113},"8":{"name":"(anonymous_8)","decl":{"start":{"line":115,"column":44},"end":{"line":115,"column":45}},"loc":{"start":{"line":115,"column":45},"end":{"line":127,"column":null}},"line":115},"9":{"name":"(anonymous_9)","decl":{"start":{"line":118,"column":55},"end":{"line":118,"column":56}},"loc":{"start":{"line":118,"column":56},"end":{"line":121,"column":null}},"line":118},"10":{"name":"(anonymous_10)","decl":{"start":{"line":132,"column":14},"end":{"line":132,"column":15}},"loc":{"start":{"line":132,"column":44},"
[...]
}}],"line":246},"57":{"loc":{"start":{"line":250,"column":8},"end":{"line":257,"column":null}},"type":"if","locations":[{"start":{"line":250,"column":8},"end":{"line":257,"column":null}},{"start":{"line":255,"column":15},"end":{"line":257,"column":null}}],"line":250},"58":{"loc":{"start":{"line":252,"column":50},"end":{"line":252,"column":93}},"type":"binary-expr","locations":[{"start":{"line":252,"column":50},"end":{"line":252,"column":87}},{"start":{"line":252,"column":87},"end":{"line":252,"column":93}}],"line":252},"59":{"loc":{"start":{"line":252,"column":93},"end":{"line":252,"column":132}},"type":"binary-expr","locations":[{"start":{"line":252,"column":93},"end":{"line":252,"column":131}},{"start":{"line":252,"column":131},"end":{"line":252,"column":132}}],"line":252},"60":{"loc":{"start":{"line":260,"column":15},"end":{"line":260,"column":null}},"type":"binary-expr","locations":[{"start":{"line":260,"column":15},"end":{"line":260,"column":28}},{"start":{"line":260,"column":28},"end":{"line":260,"column":39}},{"start":{"line":260,"column":43},"end":{"line":260,"column":null}}],"line":260},"61":{"loc":{"start":{"line":282,"column":4},"end":{"line":282,"column":null}},"type":"if","locations":[{"start":{"line":282,"column":4},"end":{"line":282,"column":null}},{"start":{},"end":{}}],"line":282},"62":{"loc":{"start":{"line":285,"column":4},"end":{"line":296,"column":null}},"type":"if","locations":[{"start":{"line":285,"column":4},"end":{"line":296,"column":null}},{"start":{},"end":{}}],"line":285},"63":{"loc":{"start":{"line":285,"column":8},"end":{"line":285,"column":35}},"type":"binary-expr","locations":[{"start":{"line":285,"column":8},"end":{"line":285,"column":17}},{"start":{"line":285,"column":17},"end":{"line":285,"column":35}}],"line":285},"64":{"loc":{"start":{"line":295,"column":6},"end":{"line":295,"column":null}},"type":"if","locations":[{"start":{"line":295,"column":6},"end":{"line":295,"column":null}},{"start":{},"end":{}}],"line":295},"65":{"loc":{"start":{"line":299,"column":4},"end":{"line":310,"column":null}},"type":"if","locations":[{"start":{"line":299,"column":4},"end":{"line":310,"column":null}},{"start":{},"end":{}}],"line":299},"66":{"loc":{"start":{"line":299,"column":8},"end":{"line":299,"column":39}},"type":"binary-expr","locations":[{"start":{"line":299,"column":8},"end":{"line":299,"column":19}},{"start":{"line":299,"column":19},"end":{"line":299,"column":39}}],"line":299},"67":{"loc":{"start":{"line":309,"column":6},"end":{"line":309,"column":null}},"type":"if","locations":[{"start":{"line":309,"column":6},"end":{"line":309,"column":null}},{"start":{},"end":{}}],"line":309},"68":{"loc":{"start":{"line":313,"column":4},"end":{"line":358,"column":null}},"type":"if","locations":[{"start":{"line":313,"column":4},"end":{"line":358,"column":null}},{"start":{},"end":{}}],"line":313},"69":{"loc":{"start":{"line":313,"column":8},"end":{"line":313,"column":59}},"type":"binary-expr","locations":[{"start":{"line":313,"column":8},"end":{"line":313,"column":25}},{"start":{"line":313,"column":29},"end":{"line":313,"column":59}}],"line":313},"70":{"loc":{"start":{"line":318,"column":27},"end":{"line":318,"column":null}},"type":"cond-expr","locations":[{"start":{"line":318,"column":38},"end":{"line":318,"column":49}},{"start":{"line":318,"column":52},"end":{"line":318,"column":null}}],"line":318},"71":{"loc":{"start":{"line":321,"column":8},"end":{"line":332,"column":null}},"type":"if","locations":[{"start":{"line":321,"column":8},"end":{"line":332,"column":null}},{"start":{},"end":{}}],"line":321},"72":{"loc":{"start":{"line":329,"column":10},"end":{"line":331,"column":null}},"type":"if","locations":[{"start":{"line":329,"column":10},"end":{"line":331,"column":null}},{"start":{},"end":{}}],"line":329},"73":{"loc":{"start":{"line":342,"column":22},"end":{"line":342,"column":null}},"type":"binary-expr","locations":[{"start":{"line":342,"column":22},"end":{"line":342,"column":36}},{"start":{"line":342,"column":40},"end":{"line":342,"column":null}}],"line":342},"74":{"loc":{"start":{"line":343,"column":20},"end":{"line":343,"column":null}},"type":"binary-expr","locations":[{"start":{"line":343,"column":20},"end":{"line":343,"column":32}},{"start":{"line":343,"column":36},"end":{"line":343,"column":null}}],"line":343},"75":{"loc":{"start":{"line":344,"column":30},"end":{"line":344,"column":null}},"type":"binary-expr","locations":[{"start":{"line":344,"column":30},"end":{"line":344,"column":52}},{"start":{"line":344,"column":56},"end":{"line":344,"column":null}}],"line":344},"76":{"loc":{"start":{"line":349,"column":24},"end":{"line":349,"column":null}},"type":"cond-expr","locations":[{"start":{"line":349,"column":36},"end":{"line":349,"column":44}},{"start":{"line":349,"column":44},"end":{"line":349,"column":null}}],"line":349},"77":{"loc":{"start":{"line":349,"column":44},"end":{"line":349,"column":null}},"type":"cond-expr","locations":[{"start":{"line":349,"column":66},"end":{"line":349,"column":95}},{"start":{"line":349,"column":98},"end":{"line":349,"column":null}}],"line":349},"78":{"loc":{"start":{"line":357,"column":6},"end":{"line":357,"column":null}},"type":"if","locations":[{"start":{"line":357,"column":6},"end":{"line":357,"column":null}},{"start":{},"end":{}}],"line":357},"79":{"loc":{"start":{"line":371,"column":4},"end":{"line":371,"column":null}},"type":"if","locations":[{"start":{"line":371,"column":4},"end":{"line":371,"column":null}},{"start":{},"end":{}}],"line":371},"80":{"loc":{"start":{"line":394,"column":4},"end":{"line":394,"column":null}},"type":"if","locations":[{"start":{"line":394,"column":4},"end":{"line":394,"column":null}},{"start":{},"end":{}}],"line":394}},"s":{"0":1,"1":0,"2":0,"3":0,"4":0,"5":0,"6":0,"7":0,"8":0,"9":0,"10":0,"11":0,"12":0,"13":0,"14":0,"15":0,"16":0,"17":0,"18":0,"19":0,"20":0,"21":0,"22":0,"23":0,"24":0,"25":0,"26":0,"27":0,"28":0,"29":0,"30":0,"31":0,"32":0,"33":0,"34":0,"35":0,"36":0,"37":0,"38":0,"39":0,"40":0,"41":0,"42":0,"43":0,"44":0,"45":0,"46":0,"47":0,"48":0,"49":0,"50":0,"51":0,"52":0,"53":0,"54":0,"55":0,"56":0,"57":0,"58":0,"59":0,"60":0,"61":0,"62":1,"63":2,"64":2,"65":2,"66":1,"67":1,"68":0,"69":0,"70":0,"71":0,"72":0,"73":0,"74":0,"75":2,"76":0,"77":0,"78":0,"79":0,"80":0,"81":0,"82":0,"83":0,"84":0,"85":0,"86":0,"87":0,"88":0,"89":0,"90":0,"91":0,"92":0,"93":0,"94":0,"95":0,"96":0,"97":0,"98":0,"99":0,"100":0,"101":0,"102":0,"103":0,"104":0,"105":0,"106":0,"107":1,"108":1,"109":1,"110":1,"111":0,"112":0,"113":0,"114":0,"115":0,"116":0,"117":0,"118":0,"119":0,"120":0,"121":0,"122":0,"123":0,"124":0,"125":0,"126":0,"127":0,"128":0,"129":0,"130":0,"131":0,"132":0,"133":0,"134":0,"135":0,"136":0,"137":0,"138":0,"139":0,"140":0,"141":0,"142":0,"143":0,"144":1,"145":0,"146":0,"147":0,"148":0,"149":0,"150":0,"151":0,"152":1,"153":0,"154":0,"155":0,"156":0,"157":0,"158":0,"159":0,"160":0,"161":0},"f":{"0":0,"1":0,"2":0,"3":0,"4":0,"5":0,"6":0,"7":0,"8":0,"9":0,"10":0,"11":2,"12":0,"13":0,"14":0,"15":0,"16":0,"17":0,"18":0,"19":0,"20":0,"21":0,"22":0,"23":0,"24":0,"25":0,"26":0,"27":0,"28":0,"29":0,"30":0,"31":0},"b":{"0":[0],"1":[0],"2":[0,0],"3":[0,0],"4":[0,0],"5":[0,0],"6":[0,0],"7":[0,0],"8":[0,0],"9":[0,0],"10":[0,0],"11":[0,0],"12":[0,0],"13":[0,0],"14":[0,0],"15":[0,0],"16":[0,0],"17":[0,0],"18":[0,0],"19":[0,0],"20":[0,0],"21":[0,0],"22":[0,0],"23":[0,0],"24":[0,0],"25":[0,0],"26":[0,0],"27":[0,0],"28":[0,0],"29":[0,0,0],"30":[0,0],"31":[0,0],"32":[0,0],"33":[0,0,0],"34":[0,0,0],"35":[1,1],"36":[1,0],"37":[2,0],"38":[2,0],"39":[0,0],"40":[0,0],"41":[0,2],"42":[2,0],"43":[0,0],"44":[0,0],"45":[0,0],"46":[0,0],"47":[0,0],"48":[0,0],"49":[0,0],"50":[0,0],"51":[0,0],"52":[0,0],"53":[0,0],"54":[0,0],"55":[0,0],"56":[0,0,0],"57":[0,0],"58":[0,0],"59":[0,0],"60":[0,0,0],"61":[0,0],"62":[0,0],"63":[0,0],"64":[0,0],"65":[0,0],"66":[0,0],"67":[0,0],"68":[0,0],"69":[0,0],"70":[0,0],"71":[0,0],"72":[0,0],"73":[0,0],"74":[0,0],"75":[0,0],"76":[0,0],"77":[0,0],"78":[0,0],"79":[0,0],"80":[0,0]},"meta":{"lastBranch":81,"lastFunction":32,"lastStatement":162,"seen":{"s:12:28:153:Infinity":0,"f:12:28:12:35":0,"b:12:69:12:70":0,"b:12:83:12:85":1,"s:13:2:152:Infinity":1,"s:14:16:38:Infinity":2,"b:41:4:45:Infinity:undefined:undefined:undefined:undefined":2,"s:41:4:45:Infinity":3,"s:42:25:42:39":4,"s:44:6:44:Infinity":5,"b:48:4:50:Infinity:undefined:undefined:undefined:undefined":3,"s:48:4:50:Infinity":6,"b:48:8:48:34:48:34:48:68":4,"s:49:6:49:Infinity":7,"b:53:4:55:Infinity:undefined:undefined:undefined:undefined":5,"s:53:4:55:Infinity":8,"b:53:8:53:36:53:36:53:72":6,"s:54:6:54:Infinity":9,"b:58:4:60:Infinity:undefined:undefined:undefined:undefined":7,"s:58:4:60:Infinity":10,"b:58:8:58:42:58:42:58:84":8,"s:59:6:59:Infinity":11,"b:63:4:65:Infinity:undefined:undefined:undefined:undefined":9,"s:63:4:65:Infinity":12,"b:63:8:63:44:63:44:63:88":10,"s:64:6:64:Infinity":13,"s:68:17:68:Infinity":14,"s:69:15:69:Infinity":15,"s:70:4:70:Infinity":16,"s:72:35:72:Infinity":17,"b:74:4:74:Infinity:undefined:undefined:undefined:undefined":11,"s:74:4:74:Infinity":18,"s:74:15:74:Infinity":19,"s:77:24:88:Infinity":20,"f:77:34:77:35":1,"s:77:54:88:Infinity":21,"f:79:31:79:32":2,"s:79:46:87:Infinity":22,"f:82:10:82:11":3,"s:82:40:82:Infinity":23,"b:82:48:82:85:82:85:82:91":12,"b:82:91:82:129:82:129:82:130":13,"b:92:4:146:Infinity:undefined:undefined:undefined:undefined":14,"s:92:4:146:Infinity":24,"b:92:8:92:34:92:34:92:68":15,"s:93:20:93:41":25,"s:95:30:109:Infinity":26,"f:95:30:95:31":4,"b:96:8:96:Infinity:undefined:undefined:undefined:undefined":16,"s:96:8:96:Infinity":27,"b:96:12:96:22:96:22:96:28":17,"s:96:28:96:Infinity":28,"s:97:26:97:Infinity":29,"b:97:34:97:52:97:52:97:Infinity":18,"s:98:24:98:Infinity":30,"b:98:30:98:46:98:46:98:Infinity":19,"s:99:26:99:Infinity":31,"b:99:38:99:64:99:64:99:Infinity":20,"s:100:24:100:Infinity":32,"b:100:34:100:58:100:58:100:Infinity":21,"b:102:8:102:Infinity:undefined:undefined:undefined:undefined":22,"s:102:8:102:Infinity":33,"b:102:12:102:26:102:26:102:36":23,"s:102:36:102:Infinity":34,"s:104:8:108:Infinity":35,"f:104:26:104:Infinity":5,"b:105:10:105:Infinity:undefined:undefined:undefined:undefined":24,"s:105:10:105:Infinity":36,"b:105:14:105:27:105:27:105:45":25,"s:105:45:105:Infinity":37,"b:106:10:106:Infinity:undefined:undefined:undefined:undefined":26,"s:106:10:106:Infinity":38,"b:106:14:106:25:106:25:106:41":27,"s:106:41:106:Infinity":39,"s:107:10:107:Infinity":40,"s:111:6:145:Infinity":41,"f:111:44:111:45":6,"s:113:8:141:Infinity":42,"f:113:46:113:47":7,"s:115:10:127:Infinity":43,"f:115:44:115:45":8,"b:117:12:122:Infinity:undefined:undefined:undefined:undefined":28,"s:117:12:122:Infinity":44,"s:118:14:121:Infinity":45,"f:118:55:118:56":9,"s:119:36:119:Infinity":46,"s:120:16:120:Infinity":47,"s:124:31:124:Infinity":48,"s:125:32:125:Infinity":49,"s:126:12:126:Infinity":50,"b:126:19:126:35:126:35:126:50:126:54:126:Infinity":29,"b:130:10:137:Infinity:135:17:137:Infinity":30,"s:130:10:137:Infinity":51,"s:131:12:133:Infinity":52,"f:132:14:132:15":10,"s:132:44:132:Infinity":53,"b:132:52:132:89:132:89:132:95":31,"b:132:95:132:133:132:133:132:134":32,"s:136:12:136:Infinity":54,"s:139:27:139:Infinity":55,"s:140:10:140:Infinity":56,"b:140:17:140:30:140:30:140:41:140:45:140:Infinity":33,"s:143:30:143:Infinity":57,"s:144:8:144:Infinity":58,"b:144:15:144:33:144:33:144:46:144:50:144:Infinity":34,"s:148:4:148:Infinity":59,"s:150:4:150:Infinity":60,"s:151:4:151:Infinity":61,"s:155:31:269:Infinity":62,"f:155:31:155:38":11,"s:156:2:268:Infinity":63,"s:157:28:184:Infinity":64,"b:186:4:186:Infinity:undefined:undefined:undefined:undefined":35,"s:186:4:186:Infinity":65,"s:186:15:186:Infinity":66,"s:189:28:210:Infinity":67,"b:191:13:191:69:191:69:191:71":36,"f:191:38:191:39":12,"s:191:51:191:69":68,"b:192:15:192:75:192:75:192:77":37,"f:192:42:192:43":13,"s:192:55:192:75":69,"b:193:20:193:74:193:74:193:76":38,"f:193:47:193:48":14,"s:193:60:193:69":70,"f:194:27:194:28":15,"s:194:42:209:Infinity":71,"f:197:10:197:11":16,"s:197:40:197:Infinity":72,"b:197:48:197:85:197:85:197:91":39,"b:197:91:197:129:197:129:197:130":40,"f:200:34:200:35":17,"s:200:52:206:Infinity":73,"f:202:41:202:42":18,"s:202:60:205:Infinity":74,"b:213:4:262:Infinity:undefined:undefined:undefined:undefined":41,"s:213:4:262:Infinity":75,"b:213:8:213:34:213:34:213:68":42,"s:214:20:214:41":76,"s:216:30:230:Infinity":77,"f:216:30:216:31":19,"b:217:8:217:Infinity:undefined:undefined:undefined:undefined":43,"s:217:8:217:Infinity":78,"b:217:12:217:22:217:22:217:28":44,"s:217:28:217:Infinity":79,"s:218:26:218:Infinity":80,"b:218:34:218:52:218:52:218:Infinity":45,"s:219:24:219:Infinity":81,"b:219:30:219:46:219:46:219:Infinity":46,"s:220:26:220:Infinity":82,"b:220:38:220:64:220:64:220:Infinity":47,"s:221:24:221:Infinity":83,"b:221:34:221:58:221:58:221:Infinity":48,"b:223:8:223:Infinity:undefined:undefined:undefined:undefined":49,"s:223:8:223:Infinity":84,"b:223:12:223:26:223:26:223:36":50,"s:223:36:223:Infinity":85,"s:225:8:229:Infinity":86,"f:225:26:225:Infinity":20,"b:226:10:226:Infinity:undefined:undefined:undefined:undefined":51,"s:226:10:226:Infinity":87,"b:226:14:226:27:226:27:226:45":52,"s:226:45:226:Infinity":88,"b:227:10:227:Infinity:undefined:undefined:undefined:undefined":53,"s:227:10:227:Infinity":89,"b:227:14:227:25:227:25:227:41":54,"s:227:41:227:Infinity":90,"s:228:10:228:Infinity":91,"s:233:6:261:Infinity":92,"f:233:58:233:59":21,"s:235:8:247:Infinity":93,"f:235:42:235:43":22,"b:237:10:242:Infinity:undefined:undefined:undefined:undefined":55,"s:237:10:242:Infinity":94,"s:238:12:241:Infinity":95,"f:238:53:238:54":23,"s:239:34:239:Infinity":96,"s:240:14:240:Infinity":97,"s:244:29:244:Infinity":98,"s:245:30:245:Infinity":99,"s:246:10:246:Infinity":100,"b:246:17:246:33:246:33:246:48:246:52:246:Infinity":56,"b:250:8:257:Infinity:255:15:257:Infinity":57,"s:250:8:257:Infinity":101,"s:251:10:253:Infinity":102,"f:252:12:252:13":24,"s:252:42:252:Infinity":103,"b:252:50:252:87:252:87:252:93":58,"b:252:93:252:131:252:131:252:132":59,"s:256:10:256:Infinity":104,"s:259:25:259:Infinity":105,"s:260:8:260:Infinity":106,"b:260:15:260:28:260:28:260:39:260:43:260:Infinity":60,"s:264:4:264:Infinity":107,"s:266:4:266:Infinity":108,"s:267:4:267:Infinity":109,"s:271:30:365:Infinity":110,"f:271:30:271:37":25,"s:272:2:364:Infinity":111,"s:273:50:273:Infinity":112,"s:276:56:280:Infinity":113,"b:282:4:282:Infinity:undefined:undefined:undefined:undefined":61,"s:282:4:282:Infinity":114,"s:282:23:282:Infinity":115,"b:285:4:296:Infinity:undefined:undefined:undefined:undefined":62,"s:285:4:296:Infinity":116,"b:285:8:285:17:285:17:285:35":63,"s:286:31:289:Infinity":117,"f:286:41:286:42":26,"s:286:62:289:Infinity":118,"s:291:36:293:Infinity":119,"b:295:6:295:Infinity:undefined:undefined:undefined:undefined":64,"s:295:6:295:Infinity":120,"s:295:22:295:Infinity":121,"b:299:4:310:Infinity:undefined:undefined:undefined:undefined":65,"s:299:4:310:Infinity":122,"b:299:8:299:19:299:19:299:39":66,"s:300:33:303:Infinity":123,"f:300:45:300:46":27,"s:300:68:303:Infinity":124,"s:305:38:307:Infinity":125,"b:309:6:309:Infinity:undefined:undefined:undefined:undefined":67,"s:309:6:309:Infinity":126,"s:309:24:309:Infinity":127,"b:313:4:358:Infinity:undefined:undefined:undefined:undefined":68,"s:313:4:358:Infinity":128,"b:313:8:313:25:313:29:313:59":69,"s:314:27:351:Infinity":129,"f:314:67:314:74":28,"s:317:25:317:Infinity":130,"s:318:27:318:Infinity":131,"b:318:38:318:49:318:52:318:Infinity":70,"s:319:24:319:Infinity":132,"b:321:8:332:Infinity:undefined:undefined:undefined:undefined":71,"s:321:8:332:Infinity":133,"s:323:36:327:Infinity":134,"b:329:10:331:Infinity:undefined:undefined:undefined:undefined":72,"s:329:10:331:Infinity":135,"s:330:12:330:Infinity":136,"s:334:8:350:Infinity":137,"b:342:22:342:36:342:40:342:Infinity":73,"b:343:20:343:32:343:36:343:Infinity":74,"b:344:30:344:52:344:56:344:Infinity":75,"b:349:36:349:44:349:44:349:Infinity":76,"b:349:66:349:95:349:98:349:Infinity":77,"s:353:35:355:Infinity":138,"b:357:6:357:Infinity:undefined:undefined:undefined:undefined":78,"s:357:6:357:Infinity":139,"s:357:21:357:Infinity":140,"s:360:4:360:Infinity":141,"s:362:4:362:Infinity":142,"s:363:4:363:Infinity":143,"s:367:30:378:Infinity":144,"f:367:30:367:37":29,"s:368:2:377:Infinity":145,"s:369:22:369:Infinity":146,"b:371:4:371:Infinity:undefined:undefined:undefined:undefined":79,"s:371:4:371:Infinity":147,"s:371:15:371:Infinity":148,"s:373:4:373:Infinity":149,"s:375:4:375:Infinity":150,"s:376:4:376:Infinity":151,"s:380:30:401:Infinity":152,"f:380:30:380:37":30,"s:381:2:400:Infinity":153,"s:382:20:388:Infinity":154,"f:382:29:382:30":31,"s:382:73:388:Infinity":155,"s:390:22:392:Infinity":156,"b:394:4:394:Infinity:undefined:undefined:undefined:undefined":80,"s:394:4:394:Infinity":157,"s:394:15:394:Infinity":158,"s:396:4:396:Infinity":159,"s:398:4:398:Infinity":160,"s:399:4:399:Infinity":161}}}
,"C:\\Users\\Kuma\\Documents\\IMAScontrol\\expense-manager-imas-main\\src\\lib\\formatters.ts": {"path":"C:\\Users\\Kuma\\Documents\\IMAScontrol\\expense-manager-imas-main\\src\\lib\\formatters.ts","statementMap":{"0":{"start":{"line":1,"column":30},"end":{"line":6,"column":null}},"1":{"start":{"line":2,"column":4},"end":{"line":5,"column":null}},"2":{"start":{"line":8,"column":26},"end":{"line":11,"column":null}},"3":{"start":{"line":9,"column":4},"end":{"line":9,"column":null}},"4":{"start":{"line":9,"column":15},"end":{"line":9,"column":null}},"5":{"start":{"line":10,"column":4},"end":{"line":10,"column":null}}},"fnMap":{"0":{"name":"(anonymous_0)","decl":{"start":{"line":1,"column":30},"end":{"line":1,"column":31}},"loc":{"start":{"line":1,"column":49},"end":{"line":6,"column":null}},"line":1},"1":{"name":"(anonymous_1)","decl":{"start":{"line":8,"column":26},"end":{"line":8,"column":27}},"loc":{"start":{"line":8,"column":27},"end":{"line":11,"column":null}},"line":8}},"branchMap":{"0":{"loc":{"start":{"line":1,"column":31},"end":{"line":1,"column":49}},"type":"default-arg","locations":[{"start":{"line":1,"column":48},"end":{"line":1,"column":49}}],"line":1},"1":{"loc":{"start":{"line":9,"column":4},"end":{"line":9,"column":null}},"type":"if","locations":[{"start":{"line":9,"column":4},"end":{"line":9,"column":null}},{"start":{},"end":{}}],"line":9}},"s":{"0":1,"1":3,"2":1,"3":2,"4":2,"5":0},"f":{"0":3,"1":2},"b":{"0":[3],"1":[2,0]},"meta":{"lastBranch":2,"lastFunction":2,"lastStatement":6,"seen":{"s:1:30:6:Infinity":0,"f:1:30:1:31":0,"b:1:48:1:49":0,"s:2:4:5:Infinity":1,"s:8:26:11:Infinity":2,"f:8:26:8:27":1,"b:9:4:9:Infinity:undefined:undefined:undefined:undefined":1,"s:9:4:9:Infinity":3,"s:9:15:9:Infinity":4,"s:10:4:10:Infinity":5}}}
,"C:\\Users\\Kuma\\Documents\\IMAScontrol\\expense-manager-imas-main\\src\\lib\\schemas.ts": {"path":"C:\\Users\\Kuma\\Documents\\IMAScontrol\\expense-manager-imas-main\\src\\lib\\schemas.ts","statementMap":{"0":{"start":{"line":3,"column":30},"end":{"line":18,"column":null}},"1":{"start":{"line":22,"column":25},"end":{"line":32,"column":null}},"2":{"start":{"line":34,"column":28},"end":{"line":40,"column":null}},"3":{"start":{"line":42,"column":29},"end":{"line":47,"column":null}}},"fnMap":{},"branchMap":{},"s":{"0":2,"1":2,"2":2,"3":2},"f":{},"b":{},"meta":{"lastBranch":0,"lastFunction":0,"lastStatement":4,"seen":{"s:3:30:18:Infinity":0,"s:22:25:32:Infinity":1,"s:34:28:40:Infinity":2,"s:42:29:47:Infinity":3}}}
,"C:\\Users\\Kuma\\Documents\\IMAScontrol\\expense-manager-imas-main\\src\\lib\\utils.ts": {"path":"C:\\Users\\Kuma\\Documents\\IMAScontrol\\expense-manager-imas-main\\src\\lib\\utils.ts","statementMap":{"0":{"start":{"line":5,"column":2},"end":{"line":5,"column":null}}},"fnMap":{"0":{"name":"cn","decl":{"start":{"line":4,"column":16},"end":{"line":4,"column":19}},"loc":{"start":{"line":4,"column":42},"end":{"line":6,"column":null}},"line":4}},"branchMap":{},"s":{"0":777},"f":{"0":777},"b":{},"meta":{"lastBranch":0,"lastFunction":1,"lastStatement":1,"seen":{"f:4:16:4:19":0,"s:5:2:5:Infinity":0}}}
}
